<?xml version="1.0" encoding="UTF-8"?>
<testng-results skipped="0" failed="6" ignored="0" total="37" passed="31">
  <reporter-output>
  </reporter-output>
  <suite name="Suite" duration-ms="3783538" started-at="2023-03-15T15:30:34 IST" finished-at="2023-03-15T16:33:38 IST">
    <groups>
    </groups>
    <test name="WiFiTest" duration-ms="24935" started-at="2023-03-15T15:30:34 IST" finished-at="2023-03-15T15:30:59 IST">
      <class name="WiFi.WiFiToggleButtonOnOff">
        <test-method status="PASS" signature="setup()[pri:0, instance:WiFi.WiFiToggleButtonOnOff@2d8f65a4]" name="setup" is-config="true" duration-ms="14498" started-at="2023-03-15T15:30:34 IST" finished-at="2023-03-15T15:30:49 IST">
          <reporter-output>
          </reporter-output>
        </test-method> <!-- setup -->
        <test-method status="PASS" signature="WiFiTest()[pri:1, instance:WiFi.WiFiToggleButtonOnOff@2d8f65a4]" name="WiFiTest" duration-ms="9432" started-at="2023-03-15T15:30:49 IST" finished-at="2023-03-15T15:30:58 IST">
          <reporter-output>
          </reporter-output>
        </test-method> <!-- WiFiTest -->
        <test-method status="PASS" signature="Teardown()[pri:0, instance:WiFi.WiFiToggleButtonOnOff@2d8f65a4]" name="Teardown" is-config="true" duration-ms="974" started-at="2023-03-15T15:30:58 IST" finished-at="2023-03-15T15:30:59 IST">
          <reporter-output>
          </reporter-output>
        </test-method> <!-- Teardown -->
      </class> <!-- WiFi.WiFiToggleButtonOnOff -->
    </test> <!-- WiFiTest -->
    <test name="NetworkAndInternetTest" duration-ms="19397" started-at="2023-03-15T15:30:59 IST" finished-at="2023-03-15T15:31:18 IST">
      <class name="NetworkAndInternet.Airplane_mode_OnOff">
        <test-method status="PASS" signature="setup()[pri:0, instance:NetworkAndInternet.Airplane_mode_OnOff@5bfbf16f]" name="setup" is-config="true" duration-ms="10523" started-at="2023-03-15T15:30:59 IST" finished-at="2023-03-15T15:31:09 IST">
          <reporter-output>
          </reporter-output>
        </test-method> <!-- setup -->
        <test-method status="PASS" signature="AirplaneModeTest()[pri:2, instance:NetworkAndInternet.Airplane_mode_OnOff@5bfbf16f]" name="AirplaneModeTest" duration-ms="8404" started-at="2023-03-15T15:31:09 IST" finished-at="2023-03-15T15:31:18 IST">
          <reporter-output>
          </reporter-output>
        </test-method> <!-- AirplaneModeTest -->
        <test-method status="PASS" signature="Teardown()[pri:0, instance:NetworkAndInternet.Airplane_mode_OnOff@5bfbf16f]" name="Teardown" is-config="true" duration-ms="467" started-at="2023-03-15T15:31:18 IST" finished-at="2023-03-15T15:31:18 IST">
          <reporter-output>
          </reporter-output>
        </test-method> <!-- Teardown -->
      </class> <!-- NetworkAndInternet.Airplane_mode_OnOff -->
    </test> <!-- NetworkAndInternetTest -->
    <test name="HotspotAndTetheringTest" duration-ms="24188" started-at="2023-03-15T15:31:18 IST" finished-at="2023-03-15T15:31:43 IST">
      <class name="HotspotAndTethering.WiFi_USB_Bluetooth_tethering">
        <test-method status="PASS" signature="setup()[pri:0, instance:HotspotAndTethering.WiFi_USB_Bluetooth_tethering@27f723]" name="setup" is-config="true" duration-ms="10534" started-at="2023-03-15T15:31:18 IST" finished-at="2023-03-15T15:31:29 IST">
          <reporter-output>
          </reporter-output>
        </test-method> <!-- setup -->
        <test-method status="PASS" signature="WiFi_USB_Bluetooth_Tethering_Test()[pri:3, instance:HotspotAndTethering.WiFi_USB_Bluetooth_tethering@27f723]" name="WiFi_USB_Bluetooth_Tethering_Test" duration-ms="12526" started-at="2023-03-15T15:31:29 IST" finished-at="2023-03-15T15:31:41 IST">
          <reporter-output>
          </reporter-output>
        </test-method> <!-- WiFi_USB_Bluetooth_Tethering_Test -->
        <test-method status="PASS" signature="Teardown()[pri:0, instance:HotspotAndTethering.WiFi_USB_Bluetooth_tethering@27f723]" name="Teardown" is-config="true" duration-ms="1124" started-at="2023-03-15T15:31:41 IST" finished-at="2023-03-15T15:31:43 IST">
          <reporter-output>
          </reporter-output>
        </test-method> <!-- Teardown -->
      </class> <!-- HotspotAndTethering.WiFi_USB_Bluetooth_tethering -->
    </test> <!-- HotspotAndTetheringTest -->
    <test name="DataSaverTest" duration-ms="32702" started-at="2023-03-15T15:31:43 IST" finished-at="2023-03-15T15:32:15 IST">
      <class name="DataSaver.UseDataSaverbuttonOnOff">
        <test-method status="PASS" signature="setup()[pri:0, instance:DataSaver.UseDataSaverbuttonOnOff@46daef40]" name="setup" is-config="true" duration-ms="11644" started-at="2023-03-15T15:31:43 IST" finished-at="2023-03-15T15:31:54 IST">
          <reporter-output>
          </reporter-output>
        </test-method> <!-- setup -->
        <test-method status="PASS" signature="DataSaverTest()[pri:4, instance:DataSaver.UseDataSaverbuttonOnOff@46daef40]" name="DataSaverTest" duration-ms="20119" started-at="2023-03-15T15:31:54 IST" finished-at="2023-03-15T15:32:14 IST">
          <reporter-output>
          </reporter-output>
        </test-method> <!-- DataSaverTest -->
        <test-method status="PASS" signature="Teardown()[pri:0, instance:DataSaver.UseDataSaverbuttonOnOff@46daef40]" name="Teardown" is-config="true" duration-ms="936" started-at="2023-03-15T15:32:14 IST" finished-at="2023-03-15T15:32:15 IST">
          <reporter-output>
          </reporter-output>
        </test-method> <!-- Teardown -->
      </class> <!-- DataSaver.UseDataSaverbuttonOnOff -->
    </test> <!-- DataSaverTest -->
    <test name="PrivateDNSTest" duration-ms="27295" started-at="2023-03-15T15:32:15 IST" finished-at="2023-03-15T15:32:43 IST">
      <class name="PrivateDNS.SelectDNSMode">
        <test-method status="PASS" signature="setup()[pri:0, instance:PrivateDNS.SelectDNSMode@5ed828d]" name="setup" is-config="true" duration-ms="11040" started-at="2023-03-15T15:32:15 IST" finished-at="2023-03-15T15:32:26 IST">
          <reporter-output>
          </reporter-output>
        </test-method> <!-- setup -->
        <test-method status="PASS" signature="DNSModeTest()[pri:5, instance:PrivateDNS.SelectDNSMode@5ed828d]" name="DNSModeTest" duration-ms="15049" started-at="2023-03-15T15:32:26 IST" finished-at="2023-03-15T15:32:41 IST">
          <reporter-output>
          </reporter-output>
        </test-method> <!-- DNSModeTest -->
        <test-method status="PASS" signature="Teardown()[pri:0, instance:PrivateDNS.SelectDNSMode@5ed828d]" name="Teardown" is-config="true" duration-ms="1200" started-at="2023-03-15T15:32:41 IST" finished-at="2023-03-15T15:32:43 IST">
          <reporter-output>
          </reporter-output>
        </test-method> <!-- Teardown -->
      </class> <!-- PrivateDNS.SelectDNSMode -->
    </test> <!-- PrivateDNSTest -->
    <test name="BluetoothTest" duration-ms="24369" started-at="2023-03-15T15:32:43 IST" finished-at="2023-03-15T15:33:07 IST">
      <class name="Bluetooth.BluetoothToggleButtonOnOff">
        <test-method status="PASS" signature="setup()[pri:0, instance:Bluetooth.BluetoothToggleButtonOnOff@1a3869f4]" name="setup" is-config="true" duration-ms="10842" started-at="2023-03-15T15:32:43 IST" finished-at="2023-03-15T15:32:53 IST">
          <reporter-output>
          </reporter-output>
        </test-method> <!-- setup -->
        <test-method status="PASS" signature="BluetoothTest()[pri:6, instance:Bluetooth.BluetoothToggleButtonOnOff@1a3869f4]" name="BluetoothTest" duration-ms="11991" started-at="2023-03-15T15:32:53 IST" finished-at="2023-03-15T15:33:05 IST">
          <reporter-output>
          </reporter-output>
        </test-method> <!-- BluetoothTest -->
        <test-method status="PASS" signature="Teardown()[pri:0, instance:Bluetooth.BluetoothToggleButtonOnOff@1a3869f4]" name="Teardown" is-config="true" duration-ms="1535" started-at="2023-03-15T15:33:05 IST" finished-at="2023-03-15T15:33:07 IST">
          <reporter-output>
          </reporter-output>
        </test-method> <!-- Teardown -->
      </class> <!-- Bluetooth.BluetoothToggleButtonOnOff -->
    </test> <!-- BluetoothTest -->
    <test name="ConnectionPreferencesTest" duration-ms="89516" started-at="2023-03-15T15:33:07 IST" finished-at="2023-03-15T15:34:36 IST">
      <class name="ConnectionPreferences.NearbyShare">
        <test-method status="PASS" signature="setup()[pri:0, instance:ConnectionPreferences.NearbyShare@76a3e297]" name="setup" is-config="true" duration-ms="12721" started-at="2023-03-15T15:33:07 IST" finished-at="2023-03-15T15:33:20 IST">
          <reporter-output>
          </reporter-output>
        </test-method> <!-- setup -->
        <test-method status="PASS" signature="NearbyShareTest()[pri:7, instance:ConnectionPreferences.NearbyShare@76a3e297]" name="NearbyShareTest" duration-ms="76128" started-at="2023-03-15T15:33:20 IST" finished-at="2023-03-15T15:34:36 IST">
          <reporter-output>
          </reporter-output>
        </test-method> <!-- NearbyShareTest -->
        <test-method status="PASS" signature="Teardown()[pri:0, instance:ConnectionPreferences.NearbyShare@76a3e297]" name="Teardown" is-config="true" duration-ms="665" started-at="2023-03-15T15:34:36 IST" finished-at="2023-03-15T15:34:36 IST">
          <reporter-output>
          </reporter-output>
        </test-method> <!-- Teardown -->
      </class> <!-- ConnectionPreferences.NearbyShare -->
    </test> <!-- ConnectionPreferencesTest -->
    <test name="ConnectionPreferences2Test" duration-ms="219683" started-at="2023-03-15T15:34:36 IST" finished-at="2023-03-15T15:38:16 IST">
      <class name="ConnectionPreferences2.AndroidAuto">
        <test-method status="PASS" signature="setup()[pri:0, instance:ConnectionPreferences2.AndroidAuto@11758f2a]" name="setup" is-config="true" duration-ms="10262" started-at="2023-03-15T15:34:36 IST" finished-at="2023-03-15T15:34:47 IST">
          <reporter-output>
          </reporter-output>
        </test-method> <!-- setup -->
        <test-method status="PASS" signature="AndroidAutoTest()[pri:8, instance:ConnectionPreferences2.AndroidAuto@11758f2a]" name="AndroidAutoTest" duration-ms="208294" started-at="2023-03-15T15:34:47 IST" finished-at="2023-03-15T15:38:15 IST">
          <reporter-output>
          </reporter-output>
        </test-method> <!-- AndroidAutoTest -->
        <test-method status="PASS" signature="Teardown()[pri:0, instance:ConnectionPreferences2.AndroidAuto@11758f2a]" name="Teardown" is-config="true" duration-ms="1124" started-at="2023-03-15T15:38:15 IST" finished-at="2023-03-15T15:38:16 IST">
          <reporter-output>
          </reporter-output>
        </test-method> <!-- Teardown -->
      </class> <!-- ConnectionPreferences2.AndroidAuto -->
    </test> <!-- ConnectionPreferences2Test -->
    <test name="AppsAndNotificationsTest" duration-ms="118078" started-at="2023-03-15T15:38:16 IST" finished-at="2023-03-15T15:40:14 IST">
      <class name="AppsAndNotifications.NotificationsTest">
        <test-method status="PASS" signature="setup()[pri:0, instance:AppsAndNotifications.NotificationsTest@6a1aab78]" name="setup" is-config="true" duration-ms="10474" started-at="2023-03-15T15:38:16 IST" finished-at="2023-03-15T15:38:27 IST">
          <reporter-output>
          </reporter-output>
        </test-method> <!-- setup -->
        <test-method status="PASS" signature="NotificationsFeaturesTest()[pri:9, instance:AppsAndNotifications.NotificationsTest@6a1aab78]" name="NotificationsFeaturesTest" duration-ms="106731" started-at="2023-03-15T15:38:27 IST" finished-at="2023-03-15T15:40:13 IST">
          <reporter-output>
          </reporter-output>
        </test-method> <!-- NotificationsFeaturesTest -->
        <test-method status="PASS" signature="Teardown()[pri:0, instance:AppsAndNotifications.NotificationsTest@6a1aab78]" name="Teardown" is-config="true" duration-ms="870" started-at="2023-03-15T15:40:13 IST" finished-at="2023-03-15T15:40:14 IST">
          <reporter-output>
          </reporter-output>
        </test-method> <!-- Teardown -->
      </class> <!-- AppsAndNotifications.NotificationsTest -->
    </test> <!-- AppsAndNotificationsTest -->
    <test name="AppsAndNotifications2Test" duration-ms="199336" started-at="2023-03-15T15:40:14 IST" finished-at="2023-03-15T15:43:34 IST">
      <class name="AppsAndNotifications2.Screentime">
        <test-method status="PASS" signature="setup()[pri:0, instance:AppsAndNotifications2.Screentime@66d1af89]" name="setup" is-config="true" duration-ms="10647" started-at="2023-03-15T15:40:14 IST" finished-at="2023-03-15T15:40:25 IST">
          <reporter-output>
          </reporter-output>
        </test-method> <!-- setup -->
        <test-method status="PASS" signature="ScreentimeTest()[pri:10, instance:AppsAndNotifications2.Screentime@66d1af89]" name="ScreentimeTest" duration-ms="187806" started-at="2023-03-15T15:40:25 IST" finished-at="2023-03-15T15:43:33 IST">
          <reporter-output>
          </reporter-output>
        </test-method> <!-- ScreentimeTest -->
        <test-method status="PASS" signature="Teardown()[pri:0, instance:AppsAndNotifications2.Screentime@66d1af89]" name="Teardown" is-config="true" duration-ms="880" started-at="2023-03-15T15:43:33 IST" finished-at="2023-03-15T15:43:34 IST">
          <reporter-output>
          </reporter-output>
        </test-method> <!-- Teardown -->
      </class> <!-- AppsAndNotifications2.Screentime -->
    </test> <!-- AppsAndNotifications2Test -->
    <test name="AppsAndNotifications3Test" duration-ms="84916" started-at="2023-03-15T15:43:34 IST" finished-at="2023-03-15T15:44:58 IST">
      <class name="AppsAndNotifications3.Defaultapps">
        <test-method status="PASS" signature="setup()[pri:0, instance:AppsAndNotifications3.Defaultapps@6950e31]" name="setup" is-config="true" duration-ms="10436" started-at="2023-03-15T15:43:34 IST" finished-at="2023-03-15T15:43:44 IST">
          <reporter-output>
          </reporter-output>
        </test-method> <!-- setup -->
        <test-method status="PASS" signature="DefaultappsTest()[pri:11, instance:AppsAndNotifications3.Defaultapps@6950e31]" name="DefaultappsTest" duration-ms="73926" started-at="2023-03-15T15:43:44 IST" finished-at="2023-03-15T15:44:58 IST">
          <reporter-output>
          </reporter-output>
        </test-method> <!-- DefaultappsTest -->
        <test-method status="PASS" signature="Teardown()[pri:0, instance:AppsAndNotifications3.Defaultapps@6950e31]" name="Teardown" is-config="true" duration-ms="549" started-at="2023-03-15T15:44:58 IST" finished-at="2023-03-15T15:44:58 IST">
          <reporter-output>
          </reporter-output>
        </test-method> <!-- Teardown -->
      </class> <!-- AppsAndNotifications3.Defaultapps -->
    </test> <!-- AppsAndNotifications3Test -->
    <test name="BatteryTest" duration-ms="36069" started-at="2023-03-15T15:44:58 IST" finished-at="2023-03-15T15:45:35 IST">
      <class name="Battery.BatterySaver_BatteryManager_BatteryPercentage">
        <test-method status="PASS" signature="setup()[pri:0, instance:Battery.BatterySaver_BatteryManager_BatteryPercentage@553a3d88]" name="setup" is-config="true" duration-ms="10442" started-at="2023-03-15T15:44:58 IST" finished-at="2023-03-15T15:45:09 IST">
          <reporter-output>
          </reporter-output>
        </test-method> <!-- setup -->
        <test-method status="PASS" signature="BatterySaver_BatteryManager_BatteryPercentageTest()[pri:12, instance:Battery.BatterySaver_BatteryManager_BatteryPercentage@553a3d88]" name="BatterySaver_BatteryManager_BatteryPercentageTest" duration-ms="25080" started-at="2023-03-15T15:45:09 IST" finished-at="2023-03-15T15:45:34 IST">
          <reporter-output>
          </reporter-output>
        </test-method> <!-- BatterySaver_BatteryManager_BatteryPercentageTest -->
        <test-method status="PASS" signature="Teardown()[pri:0, instance:Battery.BatterySaver_BatteryManager_BatteryPercentage@553a3d88]" name="Teardown" is-config="true" duration-ms="545" started-at="2023-03-15T15:45:34 IST" finished-at="2023-03-15T15:45:35 IST">
          <reporter-output>
          </reporter-output>
        </test-method> <!-- Teardown -->
      </class> <!-- Battery.BatterySaver_BatteryManager_BatteryPercentage -->
    </test> <!-- BatteryTest -->
    <test name="DisplayTest" duration-ms="57618" started-at="2023-03-15T15:45:35 IST" finished-at="2023-03-15T15:46:32 IST">
      <class name="Display.AdjustScreenBrightnesslevel_Darktheme_NightLight_Screentimeout_AutoRotateScreen_FontSize_DisplaySize_Tests">
        <test-method status="PASS" signature="setup()[pri:0, instance:Display.AdjustScreenBrightnesslevel_Darktheme_NightLight_Screentimeout_AutoRotateScreen_FontSize_DisplaySize_Tests@74a10858]" name="setup" is-config="true" duration-ms="10818" started-at="2023-03-15T15:45:35 IST" finished-at="2023-03-15T15:45:45 IST">
          <reporter-output>
          </reporter-output>
        </test-method> <!-- setup -->
        <test-method status="PASS" signature="DisplayTest()[pri:12, instance:Display.AdjustScreenBrightnesslevel_Darktheme_NightLight_Screentimeout_AutoRotateScreen_FontSize_DisplaySize_Tests@74a10858]" name="DisplayTest" duration-ms="45847" started-at="2023-03-15T15:45:45 IST" finished-at="2023-03-15T15:46:31 IST">
          <reporter-output>
          </reporter-output>
        </test-method> <!-- DisplayTest -->
        <test-method status="PASS" signature="Teardown()[pri:0, instance:Display.AdjustScreenBrightnesslevel_Darktheme_NightLight_Screentimeout_AutoRotateScreen_FontSize_DisplaySize_Tests@74a10858]" name="Teardown" is-config="true" duration-ms="948" started-at="2023-03-15T15:46:31 IST" finished-at="2023-03-15T15:46:32 IST">
          <reporter-output>
          </reporter-output>
        </test-method> <!-- Teardown -->
      </class> <!-- Display.AdjustScreenBrightnesslevel_Darktheme_NightLight_Screentimeout_AutoRotateScreen_FontSize_DisplaySize_Tests -->
    </test> <!-- DisplayTest -->
    <test name="Display2Test" duration-ms="23631" started-at="2023-03-15T15:46:32 IST" finished-at="2023-03-15T15:46:56 IST">
      <class name="Display2.ScreenSaverTest">
        <test-method status="PASS" signature="setup()[pri:0, instance:Display2.ScreenSaverTest@1d371b2d]" name="setup" is-config="true" duration-ms="10459" started-at="2023-03-15T15:46:32 IST" finished-at="2023-03-15T15:46:43 IST">
          <reporter-output>
          </reporter-output>
        </test-method> <!-- setup -->
        <test-method status="PASS" signature="DisplayTest()[pri:13, instance:Display2.ScreenSaverTest@1d371b2d]" name="DisplayTest" duration-ms="12356" started-at="2023-03-15T15:46:43 IST" finished-at="2023-03-15T15:46:55 IST">
          <reporter-output>
          </reporter-output>
        </test-method> <!-- DisplayTest -->
        <test-method status="PASS" signature="Teardown()[pri:0, instance:Display2.ScreenSaverTest@1d371b2d]" name="Teardown" is-config="true" duration-ms="810" started-at="2023-03-15T15:46:55 IST" finished-at="2023-03-15T15:46:56 IST">
          <reporter-output>
          </reporter-output>
        </test-method> <!-- Teardown -->
      </class> <!-- Display2.ScreenSaverTest -->
    </test> <!-- Display2Test -->
    <test name="SoundTest" duration-ms="58122" started-at="2023-03-15T15:46:56 IST" finished-at="2023-03-15T15:47:54 IST">
      <class name="Sound.MediaVolumeCallVolumeRingAndNotificationVolumeAlarmVolumeTests">
        <test-method status="PASS" signature="setup()[pri:0, instance:Sound.MediaVolumeCallVolumeRingAndNotificationVolumeAlarmVolumeTests@43738a82]" name="setup" is-config="true" duration-ms="10557" started-at="2023-03-15T15:46:56 IST" finished-at="2023-03-15T15:47:06 IST">
          <reporter-output>
          </reporter-output>
        </test-method> <!-- setup -->
        <test-method status="PASS" signature="MediaVolumeCallVolumeRingAndNotificationVolumeAlarmVolumeTest()[pri:14, instance:Sound.MediaVolumeCallVolumeRingAndNotificationVolumeAlarmVolumeTests@43738a82]" name="MediaVolumeCallVolumeRingAndNotificationVolumeAlarmVolumeTest" duration-ms="46529" started-at="2023-03-15T15:47:06 IST" finished-at="2023-03-15T15:47:53 IST">
          <reporter-output>
          </reporter-output>
        </test-method> <!-- MediaVolumeCallVolumeRingAndNotificationVolumeAlarmVolumeTest -->
        <test-method status="PASS" signature="Teardown()[pri:0, instance:Sound.MediaVolumeCallVolumeRingAndNotificationVolumeAlarmVolumeTests@43738a82]" name="Teardown" is-config="true" duration-ms="1033" started-at="2023-03-15T15:47:53 IST" finished-at="2023-03-15T15:47:54 IST">
          <reporter-output>
          </reporter-output>
        </test-method> <!-- Teardown -->
      </class> <!-- Sound.MediaVolumeCallVolumeRingAndNotificationVolumeAlarmVolumeTests -->
    </test> <!-- SoundTest -->
    <test name="Sound2Test" duration-ms="361041" started-at="2023-03-15T15:47:54 IST" finished-at="2023-03-15T15:53:55 IST">
      <class name="Sound2.DoNotDisturb_Media_ShortcutToPreventRinging_PhoneRingtone_DefaultNotificationSound_DefaultAlarmSound_Tests">
        <test-method status="PASS" signature="setup()[pri:0, instance:Sound2.DoNotDisturb_Media_ShortcutToPreventRinging_PhoneRingtone_DefaultNotificationSound_DefaultAlarmSound_Tests@289d1c02]" name="setup" is-config="true" duration-ms="10523" started-at="2023-03-15T15:47:54 IST" finished-at="2023-03-15T15:48:04 IST">
          <reporter-output>
          </reporter-output>
        </test-method> <!-- setup -->
        <test-method status="PASS" signature="DoNotDisturb_Media_ShortcutToPreventRinging_PhoneRingtone_DefaultNotificationSound_DefaultAlarmSoundTests()[pri:15, instance:Sound2.DoNotDisturb_Media_ShortcutToPreventRinging_PhoneRingtone_DefaultNotificationSound_DefaultAlarmSound_Tests@289d1c02]" name="DoNotDisturb_Media_ShortcutToPreventRinging_PhoneRingtone_DefaultNotificationSound_DefaultAlarmSoundTests" duration-ms="349677" started-at="2023-03-15T15:48:04 IST" finished-at="2023-03-15T15:53:54 IST">
          <reporter-output>
          </reporter-output>
        </test-method> <!-- DoNotDisturb_Media_ShortcutToPreventRinging_PhoneRingtone_DefaultNotificationSound_DefaultAlarmSoundTests -->
        <test-method status="PASS" signature="Teardown()[pri:0, instance:Sound2.DoNotDisturb_Media_ShortcutToPreventRinging_PhoneRingtone_DefaultNotificationSound_DefaultAlarmSound_Tests@289d1c02]" name="Teardown" is-config="true" duration-ms="837" started-at="2023-03-15T15:53:54 IST" finished-at="2023-03-15T15:53:55 IST">
          <reporter-output>
          </reporter-output>
        </test-method> <!-- Teardown -->
      </class> <!-- Sound2.DoNotDisturb_Media_ShortcutToPreventRinging_PhoneRingtone_DefaultNotificationSound_DefaultAlarmSound_Tests -->
    </test> <!-- Sound2Test -->
    <test name="StorageTest" duration-ms="71815" started-at="2023-03-15T15:53:55 IST" finished-at="2023-03-15T15:55:07 IST">
      <class name="Storage.PhotosAndVideos_MusicAndAudio_Games_MoviesAndTVApps_OtherApps_Files_System_Tests">
        <test-method status="PASS" signature="setup()[pri:0, instance:Storage.PhotosAndVideos_MusicAndAudio_Games_MoviesAndTVApps_OtherApps_Files_System_Tests@396e2f39]" name="setup" is-config="true" duration-ms="10472" started-at="2023-03-15T15:53:55 IST" finished-at="2023-03-15T15:54:05 IST">
          <reporter-output>
          </reporter-output>
        </test-method> <!-- setup -->
        <test-method status="PASS" signature="PhotosAndVideos_MusicAndAudio_Games_MoviesAndTVApps_OtherApps_Files_System_Test()[pri:16, instance:Storage.PhotosAndVideos_MusicAndAudio_Games_MoviesAndTVApps_OtherApps_Files_System_Tests@396e2f39]" name="PhotosAndVideos_MusicAndAudio_Games_MoviesAndTVApps_OtherApps_Files_System_Test" duration-ms="60522" started-at="2023-03-15T15:54:05 IST" finished-at="2023-03-15T15:55:06 IST">
          <reporter-output>
          </reporter-output>
        </test-method> <!-- PhotosAndVideos_MusicAndAudio_Games_MoviesAndTVApps_OtherApps_Files_System_Test -->
        <test-method status="PASS" signature="Teardown()[pri:0, instance:Storage.PhotosAndVideos_MusicAndAudio_Games_MoviesAndTVApps_OtherApps_Files_System_Tests@396e2f39]" name="Teardown" is-config="true" duration-ms="817" started-at="2023-03-15T15:55:06 IST" finished-at="2023-03-15T15:55:07 IST">
          <reporter-output>
          </reporter-output>
        </test-method> <!-- Teardown -->
      </class> <!-- Storage.PhotosAndVideos_MusicAndAudio_Games_MoviesAndTVApps_OtherApps_Files_System_Tests -->
    </test> <!-- StorageTest -->
    <test name="PrivacyTest" duration-ms="107853" started-at="2023-03-15T15:55:07 IST" finished-at="2023-03-15T15:56:55 IST">
      <class name="Privacy.PermissionManager_ShowPasswords_NotificatonOnLockScreen_AutofillServiceFromGoogle_GoogleLocationHistory_ActivityControls_Ads_UsageAndDiagnostics_Tests">
        <test-method status="PASS" signature="setup()[pri:0, instance:Privacy.PermissionManager_ShowPasswords_NotificatonOnLockScreen_AutofillServiceFromGoogle_GoogleLocationHistory_ActivityControls_Ads_UsageAndDiagnostics_Tests@18bf3d14]" name="setup" is-config="true" duration-ms="10550" started-at="2023-03-15T15:55:07 IST" finished-at="2023-03-15T15:55:17 IST">
          <reporter-output>
          </reporter-output>
        </test-method> <!-- setup -->
        <test-method status="PASS" signature="PermissionManager_ShowPasswords_NotificatonOnLockScreen_AutofillServiceFromGoogle_GoogleLocationHistory_ActivityControls_Ads_UsageAndDiagnosticsTests()[pri:17, instance:Privacy.PermissionManager_ShowPasswords_NotificatonOnLockScreen_AutofillServiceFromGoogle_GoogleLocationHistory_ActivityControls_Ads_UsageAndDiagnostics_Tests@18bf3d14]" name="PermissionManager_ShowPasswords_NotificatonOnLockScreen_AutofillServiceFromGoogle_GoogleLocationHistory_ActivityControls_Ads_UsageAndDiagnosticsTests" duration-ms="96559" started-at="2023-03-15T15:55:17 IST" finished-at="2023-03-15T15:56:54 IST">
          <reporter-output>
          </reporter-output>
        </test-method> <!-- PermissionManager_ShowPasswords_NotificatonOnLockScreen_AutofillServiceFromGoogle_GoogleLocationHistory_ActivityControls_Ads_UsageAndDiagnosticsTests -->
        <test-method status="PASS" signature="Teardown()[pri:0, instance:Privacy.PermissionManager_ShowPasswords_NotificatonOnLockScreen_AutofillServiceFromGoogle_GoogleLocationHistory_ActivityControls_Ads_UsageAndDiagnostics_Tests@18bf3d14]" name="Teardown" is-config="true" duration-ms="741" started-at="2023-03-15T15:56:54 IST" finished-at="2023-03-15T15:56:55 IST">
          <reporter-output>
          </reporter-output>
        </test-method> <!-- Teardown -->
      </class> <!-- Privacy.PermissionManager_ShowPasswords_NotificatonOnLockScreen_AutofillServiceFromGoogle_GoogleLocationHistory_ActivityControls_Ads_UsageAndDiagnostics_Tests -->
    </test> <!-- PrivacyTest -->
    <test name="LocationTest" duration-ms="19345" started-at="2023-03-15T15:56:55 IST" finished-at="2023-03-15T15:57:14 IST">
      <class name="Location.AppAccessToLocation_WiFiAndBluetoothScanning_EmergencyLocationService_GoogleLocationAccuracy_GoogleLocationHistory_GoogleLocationSharing_Tests">
        <test-method status="PASS" signature="setup()[pri:0, instance:Location.AppAccessToLocation_WiFiAndBluetoothScanning_EmergencyLocationService_GoogleLocationAccuracy_GoogleLocationHistory_GoogleLocationSharing_Tests@64485a47]" name="setup" is-config="true" duration-ms="10546" started-at="2023-03-15T15:56:55 IST" finished-at="2023-03-15T15:57:05 IST">
          <reporter-output>
          </reporter-output>
        </test-method> <!-- setup -->
        <test-method status="FAIL" signature="AppAccessToLocation_WiFiAndBluetoothScanning_EmergencyLocationService_GoogleLocationAccuracy_GoogleLocationHistory_GoogleLocationSharingTests()[pri:10, instance:Location.AppAccessToLocation_WiFiAndBluetoothScanning_EmergencyLocationService_GoogleLocationAccuracy_GoogleLocationHistory_GoogleLocationSharing_Tests@64485a47]" name="AppAccessToLocation_WiFiAndBluetoothScanning_EmergencyLocationService_GoogleLocationAccuracy_GoogleLocationHistory_GoogleLocationSharingTests" duration-ms="8047" started-at="2023-03-15T15:57:05 IST" finished-at="2023-03-15T15:57:13 IST">
          <exception class="org.openqa.selenium.StaleElementReferenceException">
            <message>
              <![CDATA[androidx.test.uiautomator.StaleObjectException
For documentation on this error, please visit: https://www.seleniumhq.org/exceptions/stale_element_reference.html
Build info: version: '3.141.59', revision: 'e82be7d358', time: '2018-11-14T08:17:03'
System info: host: 'invlko047-Latitude-7490', ip: '127.0.1.1', os.name: 'Linux', os.arch: 'amd64', os.version: '5.19.0-35-generic', java.version: '1.8.0_362'
Driver info: io.appium.java_client.android.AndroidDriver
Capabilities {appActivity: com.android.settings.Settings, appPackage: com.android.settings, appium-version: 1.22.3, automationName: UiAutomator2, databaseEnabled: false, desired: {appActivity: com.android.settings.Settings, appPackage: com.android.settings, appium-version: 1.22.3, automationName: UiAutomator2, deviceId: 0123456789ABCDEF, deviceName: along_8765, fullReset: false, noReset: true, platformName: android, platformVersion: 11, suppressKillServer: true, udid: 192.168.18.71:5555}, deviceApiLevel: 30, deviceId: 0123456789ABCDEF, deviceManufacturer: alps, deviceModel: along_8765, deviceName: 192.168.18.71:5555, deviceScreenDensity: 180, deviceScreenSize: 800x1280, deviceUDID: 192.168.18.71:5555, fullReset: false, javascriptEnabled: true, locationContextEnabled: false, networkConnectionEnabled: true, noReset: true, pixelRatio: 1.125, platform: LINUX, platformName: Android, platformVersion: 11, statBarHeight: 27, suppressKillServer: true, takesScreenshot: true, udid: 192.168.18.71:5555, viewportRect: {height: 1199, left: 0, top: 27, width: 800}, warnings: {}, webStorageEnabled: false}
Session ID: d26955af-fd09-4a59-bfac-c2a318fef39d]]>
            </message>
            <full-stacktrace>
              <![CDATA[org.openqa.selenium.StaleElementReferenceException: androidx.test.uiautomator.StaleObjectException
For documentation on this error, please visit: https://www.seleniumhq.org/exceptions/stale_element_reference.html
Build info: version: '3.141.59', revision: 'e82be7d358', time: '2018-11-14T08:17:03'
System info: host: 'invlko047-Latitude-7490', ip: '127.0.1.1', os.name: 'Linux', os.arch: 'amd64', os.version: '5.19.0-35-generic', java.version: '1.8.0_362'
Driver info: io.appium.java_client.android.AndroidDriver
Capabilities {appActivity: com.android.settings.Settings, appPackage: com.android.settings, appium-version: 1.22.3, automationName: UiAutomator2, databaseEnabled: false, desired: {appActivity: com.android.settings.Settings, appPackage: com.android.settings, appium-version: 1.22.3, automationName: UiAutomator2, deviceId: 0123456789ABCDEF, deviceName: along_8765, fullReset: false, noReset: true, platformName: android, platformVersion: 11, suppressKillServer: true, udid: 192.168.18.71:5555}, deviceApiLevel: 30, deviceId: 0123456789ABCDEF, deviceManufacturer: alps, deviceModel: along_8765, deviceName: 192.168.18.71:5555, deviceScreenDensity: 180, deviceScreenSize: 800x1280, deviceUDID: 192.168.18.71:5555, fullReset: false, javascriptEnabled: true, locationContextEnabled: false, networkConnectionEnabled: true, noReset: true, pixelRatio: 1.125, platform: LINUX, platformName: Android, platformVersion: 11, statBarHeight: 27, suppressKillServer: true, takesScreenshot: true, udid: 192.168.18.71:5555, viewportRect: {height: 1199, left: 0, top: 27, width: 800}, warnings: {}, webStorageEnabled: false}
Session ID: d26955af-fd09-4a59-bfac-c2a318fef39d
at sun.reflect.NativeConstructorAccessorImpl.newInstance0(Native Method)
at sun.reflect.NativeConstructorAccessorImpl.newInstance(NativeConstructorAccessorImpl.java:62)
at sun.reflect.DelegatingConstructorAccessorImpl.newInstance(DelegatingConstructorAccessorImpl.java:45)
at java.lang.reflect.Constructor.newInstance(Constructor.java:423)
at org.openqa.selenium.remote.http.W3CHttpResponseCodec.createException(W3CHttpResponseCodec.java:187)
at org.openqa.selenium.remote.http.W3CHttpResponseCodec.decode(W3CHttpResponseCodec.java:122)
at org.openqa.selenium.remote.http.W3CHttpResponseCodec.decode(W3CHttpResponseCodec.java:49)
at org.openqa.selenium.remote.HttpCommandExecutor.execute(HttpCommandExecutor.java:158)
at io.appium.java_client.remote.AppiumCommandExecutor.execute(AppiumCommandExecutor.java:250)
at org.openqa.selenium.remote.RemoteWebDriver.execute(RemoteWebDriver.java:552)
at io.appium.java_client.DefaultGenericMobileDriver.execute(DefaultGenericMobileDriver.java:41)
at io.appium.java_client.AppiumDriver.execute(AppiumDriver.java:1)
at io.appium.java_client.android.AndroidDriver.execute(AndroidDriver.java:1)
at org.openqa.selenium.remote.RemoteWebElement.execute(RemoteWebElement.java:285)
at io.appium.java_client.DefaultGenericMobileElement.execute(DefaultGenericMobileElement.java:45)
at io.appium.java_client.MobileElement.execute(MobileElement.java:1)
at io.appium.java_client.android.AndroidElement.execute(AndroidElement.java:1)
at org.openqa.selenium.remote.RemoteWebElement.click(RemoteWebElement.java:84)
at Location.AppAccessToLocation_WiFiAndBluetoothScanning_EmergencyLocationService_GoogleLocationAccuracy_GoogleLocationHistory_GoogleLocationSharing_Tests.AppAccessToLocation_WiFiAndBluetoothScanning_EmergencyLocationService_GoogleLocationAccuracy_GoogleLocationHistory_GoogleLocationSharingTests(AppAccessToLocation_WiFiAndBluetoothScanning_EmergencyLocationService_GoogleLocationAccuracy_GoogleLocationHistory_GoogleLocationSharing_Tests.java:74)
at sun.reflect.NativeMethodAccessorImpl.invoke0(Native Method)
at sun.reflect.NativeMethodAccessorImpl.invoke(NativeMethodAccessorImpl.java:62)
at sun.reflect.DelegatingMethodAccessorImpl.invoke(DelegatingMethodAccessorImpl.java:43)
at java.lang.reflect.Method.invoke(Method.java:498)
at org.testng.internal.MethodInvocationHelper.invokeMethod(MethodInvocationHelper.java:133)
at org.testng.internal.TestInvoker.invokeMethod(TestInvoker.java:598)
at org.testng.internal.TestInvoker.invokeTestMethod(TestInvoker.java:173)
at org.testng.internal.MethodRunner.runInSequence(MethodRunner.java:46)
at org.testng.internal.TestInvoker$MethodInvocationAgent.invoke(TestInvoker.java:824)
at org.testng.internal.TestInvoker.invokeTestMethods(TestInvoker.java:146)
at org.testng.internal.TestMethodWorker.invokeTestMethods(TestMethodWorker.java:146)
at org.testng.internal.TestMethodWorker.run(TestMethodWorker.java:128)
at java.util.concurrent.ThreadPoolExecutor.runWorker(ThreadPoolExecutor.java:1149)
at java.util.concurrent.ThreadPoolExecutor$Worker.run(ThreadPoolExecutor.java:624)
at java.lang.Thread.run(Thread.java:750)
]]>
            </full-stacktrace>
          </exception> <!-- org.openqa.selenium.StaleElementReferenceException -->
          <reporter-output>
          </reporter-output>
        </test-method> <!-- AppAccessToLocation_WiFiAndBluetoothScanning_EmergencyLocationService_GoogleLocationAccuracy_GoogleLocationHistory_GoogleLocationSharingTests -->
        <test-method status="PASS" signature="Teardown()[pri:0, instance:Location.AppAccessToLocation_WiFiAndBluetoothScanning_EmergencyLocationService_GoogleLocationAccuracy_GoogleLocationHistory_GoogleLocationSharing_Tests@64485a47]" name="Teardown" is-config="true" duration-ms="745" started-at="2023-03-15T15:57:13 IST" finished-at="2023-03-15T15:57:14 IST">
          <reporter-output>
          </reporter-output>
        </test-method> <!-- Teardown -->
      </class> <!-- Location.AppAccessToLocation_WiFiAndBluetoothScanning_EmergencyLocationService_GoogleLocationAccuracy_GoogleLocationHistory_GoogleLocationSharing_Tests -->
    </test> <!-- LocationTest -->
    <test name="SecurityTest" duration-ms="95550" started-at="2023-03-15T15:57:14 IST" finished-at="2023-03-15T15:58:50 IST">
      <class name="Security.SecurityUpdate_FindMyDevice_ScreenLock_SmartLock_DeviceAdminApps_EncryptionAndCredentials_TrustAgents_AppPinning_Tests">
        <test-method status="PASS" signature="setup()[pri:0, instance:Security.SecurityUpdate_FindMyDevice_ScreenLock_SmartLock_DeviceAdminApps_EncryptionAndCredentials_TrustAgents_AppPinning_Tests@2e3fc542]" name="setup" is-config="true" duration-ms="10509" started-at="2023-03-15T15:57:14 IST" finished-at="2023-03-15T15:57:25 IST">
          <reporter-output>
          </reporter-output>
        </test-method> <!-- setup -->
        <test-method status="PASS" signature="SecurityUpdate_FindMyDevice_ScreenLock_SmartLock_DeviceAdminApps_EncryptionAndCredentials_TrustAgents_AppPinning_Test()[pri:1, instance:Security.SecurityUpdate_FindMyDevice_ScreenLock_SmartLock_DeviceAdminApps_EncryptionAndCredentials_TrustAgents_AppPinning_Tests@2e3fc542]" name="SecurityUpdate_FindMyDevice_ScreenLock_SmartLock_DeviceAdminApps_EncryptionAndCredentials_TrustAgents_AppPinning_Test" duration-ms="84320" started-at="2023-03-15T15:57:25 IST" finished-at="2023-03-15T15:58:49 IST">
          <reporter-output>
          </reporter-output>
        </test-method> <!-- SecurityUpdate_FindMyDevice_ScreenLock_SmartLock_DeviceAdminApps_EncryptionAndCredentials_TrustAgents_AppPinning_Test -->
        <test-method status="PASS" signature="Teardown()[pri:0, instance:Security.SecurityUpdate_FindMyDevice_ScreenLock_SmartLock_DeviceAdminApps_EncryptionAndCredentials_TrustAgents_AppPinning_Tests@2e3fc542]" name="Teardown" is-config="true" duration-ms="720" started-at="2023-03-15T15:58:49 IST" finished-at="2023-03-15T15:58:50 IST">
          <reporter-output>
          </reporter-output>
        </test-method> <!-- Teardown -->
      </class> <!-- Security.SecurityUpdate_FindMyDevice_ScreenLock_SmartLock_DeviceAdminApps_EncryptionAndCredentials_TrustAgents_AppPinning_Tests -->
    </test> <!-- SecurityTest -->
    <test name="AccountsTest" duration-ms="39435" started-at="2023-03-15T15:58:50 IST" finished-at="2023-03-15T15:59:29 IST">
      <class name="Accounts.AutomaticallySyncAppData">
        <test-method status="PASS" signature="setup()[pri:0, instance:Accounts.AutomaticallySyncAppData@1786f9d5]" name="setup" is-config="true" duration-ms="12485" started-at="2023-03-15T15:58:50 IST" finished-at="2023-03-15T15:59:02 IST">
          <reporter-output>
          </reporter-output>
        </test-method> <!-- setup -->
        <test-method status="PASS" signature="AutomaticallySyncAppDataTest()[pri:1, instance:Accounts.AutomaticallySyncAppData@1786f9d5]" name="AutomaticallySyncAppDataTest" duration-ms="26489" started-at="2023-03-15T15:59:02 IST" finished-at="2023-03-15T15:59:29 IST">
          <reporter-output>
          </reporter-output>
        </test-method> <!-- AutomaticallySyncAppDataTest -->
        <test-method status="PASS" signature="Teardown()[pri:0, instance:Accounts.AutomaticallySyncAppData@1786f9d5]" name="Teardown" is-config="true" duration-ms="458" started-at="2023-03-15T15:59:29 IST" finished-at="2023-03-15T15:59:29 IST">
          <reporter-output>
          </reporter-output>
        </test-method> <!-- Teardown -->
      </class> <!-- Accounts.AutomaticallySyncAppData -->
    </test> <!-- AccountsTest -->
    <test name="AccessibilityTest" duration-ms="184743" started-at="2023-03-15T15:59:29 IST" finished-at="2023-03-15T16:02:34 IST">
      <class name="Accessibility.SelectToSpeak_TallBack_TextToSpeechOutput_FontSize_DisplaySize_DarkTheme_Magnification_ColorCorrection_ColorInversion_LargeMousePointer_RemoveAnimations_Tests">
        <test-method status="PASS" signature="setup()[pri:0, instance:Accessibility.SelectToSpeak_TallBack_TextToSpeechOutput_FontSize_DisplaySize_DarkTheme_Magnification_ColorCorrection_ColorInversion_LargeMousePointer_RemoveAnimations_Tests@3578436e]" name="setup" is-config="true" duration-ms="10251" started-at="2023-03-15T15:59:29 IST" finished-at="2023-03-15T15:59:39 IST">
          <reporter-output>
          </reporter-output>
        </test-method> <!-- setup -->
        <test-method status="PASS" signature="SelectToSpeak_TallBack_TextToSpeechOutput_FontSize_DisplaySize_DarkTheme__Magnification_ColorCorrection_ColorInversion_LargeMousePointer_RemoveAnimationsTest()[pri:1, instance:Accessibility.SelectToSpeak_TallBack_TextToSpeechOutput_FontSize_DisplaySize_DarkTheme_Magnification_ColorCorrection_ColorInversion_LargeMousePointer_RemoveAnimations_Tests@3578436e]" name="SelectToSpeak_TallBack_TextToSpeechOutput_FontSize_DisplaySize_DarkTheme__Magnification_ColorCorrection_ColorInversion_LargeMousePointer_RemoveAnimationsTest" duration-ms="173941" started-at="2023-03-15T15:59:39 IST" finished-at="2023-03-15T16:02:33 IST">
          <reporter-output>
          </reporter-output>
        </test-method> <!-- SelectToSpeak_TallBack_TextToSpeechOutput_FontSize_DisplaySize_DarkTheme__Magnification_ColorCorrection_ColorInversion_LargeMousePointer_RemoveAnimationsTest -->
        <test-method status="PASS" signature="Teardown()[pri:0, instance:Accessibility.SelectToSpeak_TallBack_TextToSpeechOutput_FontSize_DisplaySize_DarkTheme_Magnification_ColorCorrection_ColorInversion_LargeMousePointer_RemoveAnimations_Tests@3578436e]" name="Teardown" is-config="true" duration-ms="547" started-at="2023-03-15T16:02:33 IST" finished-at="2023-03-15T16:02:34 IST">
          <reporter-output>
          </reporter-output>
        </test-method> <!-- Teardown -->
      </class> <!-- Accessibility.SelectToSpeak_TallBack_TextToSpeechOutput_FontSize_DisplaySize_DarkTheme_Magnification_ColorCorrection_ColorInversion_LargeMousePointer_RemoveAnimations_Tests -->
    </test> <!-- AccessibilityTest -->
    <test name="Accessibility2Test" duration-ms="131461" started-at="2023-03-15T16:02:34 IST" finished-at="2023-03-15T16:04:45 IST">
      <class name="Accessibility2.AcessibilityMenu_SwitchAccess_Autoclick_PowerButtonsEndsCall_AutoRotateScreen_TouchAndHoldDelayTimeToTakeAction_VibrationAndHapticStrength_SystemNavigation_Tests">
        <test-method status="PASS" signature="setup()[pri:0, instance:Accessibility2.AcessibilityMenu_SwitchAccess_Autoclick_PowerButtonsEndsCall_AutoRotateScreen_TouchAndHoldDelayTimeToTakeAction_VibrationAndHapticStrength_SystemNavigation_Tests@47db50c5]" name="setup" is-config="true" duration-ms="10712" started-at="2023-03-15T16:02:34 IST" finished-at="2023-03-15T16:02:44 IST">
          <reporter-output>
          </reporter-output>
        </test-method> <!-- setup -->
        <test-method status="PASS" signature="AcessibilityMenu_SwitchAccess_Autoclick_PowerButtonsEndsCall_AutoRotateScreen_TouchAndHoldDelayTimeToTakeAction_VibrationAndHapticStrength_SystemNavigation_Test()[pri:1, instance:Accessibility2.AcessibilityMenu_SwitchAccess_Autoclick_PowerButtonsEndsCall_AutoRotateScreen_TouchAndHoldDelayTimeToTakeAction_VibrationAndHapticStrength_SystemNavigation_Tests@47db50c5]" name="AcessibilityMenu_SwitchAccess_Autoclick_PowerButtonsEndsCall_AutoRotateScreen_TouchAndHoldDelayTimeToTakeAction_VibrationAndHapticStrength_SystemNavigation_Test" duration-ms="119716" started-at="2023-03-15T16:02:44 IST" finished-at="2023-03-15T16:04:44 IST">
          <reporter-output>
          </reporter-output>
        </test-method> <!-- AcessibilityMenu_SwitchAccess_Autoclick_PowerButtonsEndsCall_AutoRotateScreen_TouchAndHoldDelayTimeToTakeAction_VibrationAndHapticStrength_SystemNavigation_Test -->
        <test-method status="PASS" signature="Teardown()[pri:0, instance:Accessibility2.AcessibilityMenu_SwitchAccess_Autoclick_PowerButtonsEndsCall_AutoRotateScreen_TouchAndHoldDelayTimeToTakeAction_VibrationAndHapticStrength_SystemNavigation_Tests@47db50c5]" name="Teardown" is-config="true" duration-ms="1030" started-at="2023-03-15T16:04:44 IST" finished-at="2023-03-15T16:04:45 IST">
          <reporter-output>
          </reporter-output>
        </test-method> <!-- Teardown -->
      </class> <!-- Accessibility2.AcessibilityMenu_SwitchAccess_Autoclick_PowerButtonsEndsCall_AutoRotateScreen_TouchAndHoldDelayTimeToTakeAction_VibrationAndHapticStrength_SystemNavigation_Tests -->
    </test> <!-- Accessibility2Test -->
    <test name="Accessibility3Test" duration-ms="84024" started-at="2023-03-15T16:04:45 IST" finished-at="2023-03-15T16:06:09 IST">
      <class name="Accessibility3.MonoAudio_AudioBalance_CaptionPreferences_HighContrastText_ShortcutFromLockScreen_Tests">
        <test-method status="PASS" signature="setup()[pri:0, instance:Accessibility3.MonoAudio_AudioBalance_CaptionPreferences_HighContrastText_ShortcutFromLockScreen_Tests@710726a3]" name="setup" is-config="true" duration-ms="10871" started-at="2023-03-15T16:04:45 IST" finished-at="2023-03-15T16:04:56 IST">
          <reporter-output>
          </reporter-output>
        </test-method> <!-- setup -->
        <test-method status="FAIL" signature="MonoAudio_AudioBalance_CaptionPreferences_HighContrastText_ShortcutFromLockScreen_Test()[pri:1, instance:Accessibility3.MonoAudio_AudioBalance_CaptionPreferences_HighContrastText_ShortcutFromLockScreen_Tests@710726a3]" name="MonoAudio_AudioBalance_CaptionPreferences_HighContrastText_ShortcutFromLockScreen_Test" duration-ms="72498" started-at="2023-03-15T16:04:56 IST" finished-at="2023-03-15T16:06:09 IST">
          <exception class="org.openqa.selenium.NoSuchElementException">
            <message>
              <![CDATA[An element could not be located on the page using the given search parameters.
For documentation on this error, please visit: https://www.seleniumhq.org/exceptions/no_such_element.html
Build info: version: '3.141.59', revision: 'e82be7d358', time: '2018-11-14T08:17:03'
System info: host: 'invlko047-Latitude-7490', ip: '127.0.1.1', os.name: 'Linux', os.arch: 'amd64', os.version: '5.19.0-35-generic', java.version: '1.8.0_362'
Driver info: io.appium.java_client.android.AndroidDriver
Capabilities {appActivity: com.android.settings.Settings, appPackage: com.android.settings, appium-version: 1.22.3, automationName: UiAutomator2, databaseEnabled: false, desired: {appActivity: com.android.settings.Settings, appPackage: com.android.settings, appium-version: 1.22.3, automationName: UiAutomator2, deviceId: 0123456789ABCDEF, deviceName: along_8765, fullReset: false, noReset: true, platformName: android, platformVersion: 11, suppressKillServer: true, udid: 192.168.18.71:5555}, deviceApiLevel: 30, deviceId: 0123456789ABCDEF, deviceManufacturer: alps, deviceModel: along_8765, deviceName: 192.168.18.71:5555, deviceScreenDensity: 180, deviceScreenSize: 800x1280, deviceUDID: 192.168.18.71:5555, fullReset: false, javascriptEnabled: true, locationContextEnabled: false, networkConnectionEnabled: true, noReset: true, pixelRatio: 1.125, platform: LINUX, platformName: Android, platformVersion: 11, statBarHeight: 27, suppressKillServer: true, takesScreenshot: true, udid: 192.168.18.71:5555, viewportRect: {height: 1199, left: 0, top: 27, width: 800}, warnings: {}, webStorageEnabled: false}
Session ID: 357cd128-dd17-49ad-8d53-79c4648c9c9c
*** Element info: {Using=xpath, value=//android.widget.TextView[@text='Shortcut from lock screen']}]]>
            </message>
            <full-stacktrace>
              <![CDATA[org.openqa.selenium.NoSuchElementException: An element could not be located on the page using the given search parameters.
For documentation on this error, please visit: https://www.seleniumhq.org/exceptions/no_such_element.html
Build info: version: '3.141.59', revision: 'e82be7d358', time: '2018-11-14T08:17:03'
System info: host: 'invlko047-Latitude-7490', ip: '127.0.1.1', os.name: 'Linux', os.arch: 'amd64', os.version: '5.19.0-35-generic', java.version: '1.8.0_362'
Driver info: io.appium.java_client.android.AndroidDriver
Capabilities {appActivity: com.android.settings.Settings, appPackage: com.android.settings, appium-version: 1.22.3, automationName: UiAutomator2, databaseEnabled: false, desired: {appActivity: com.android.settings.Settings, appPackage: com.android.settings, appium-version: 1.22.3, automationName: UiAutomator2, deviceId: 0123456789ABCDEF, deviceName: along_8765, fullReset: false, noReset: true, platformName: android, platformVersion: 11, suppressKillServer: true, udid: 192.168.18.71:5555}, deviceApiLevel: 30, deviceId: 0123456789ABCDEF, deviceManufacturer: alps, deviceModel: along_8765, deviceName: 192.168.18.71:5555, deviceScreenDensity: 180, deviceScreenSize: 800x1280, deviceUDID: 192.168.18.71:5555, fullReset: false, javascriptEnabled: true, locationContextEnabled: false, networkConnectionEnabled: true, noReset: true, pixelRatio: 1.125, platform: LINUX, platformName: Android, platformVersion: 11, statBarHeight: 27, suppressKillServer: true, takesScreenshot: true, udid: 192.168.18.71:5555, viewportRect: {height: 1199, left: 0, top: 27, width: 800}, warnings: {}, webStorageEnabled: false}
Session ID: 357cd128-dd17-49ad-8d53-79c4648c9c9c
*** Element info: {Using=xpath, value=//android.widget.TextView[@text='Shortcut from lock screen']}
at sun.reflect.NativeConstructorAccessorImpl.newInstance0(Native Method)
at sun.reflect.NativeConstructorAccessorImpl.newInstance(NativeConstructorAccessorImpl.java:62)
at sun.reflect.DelegatingConstructorAccessorImpl.newInstance(DelegatingConstructorAccessorImpl.java:45)
at java.lang.reflect.Constructor.newInstance(Constructor.java:423)
at org.openqa.selenium.remote.http.W3CHttpResponseCodec.createException(W3CHttpResponseCodec.java:187)
at org.openqa.selenium.remote.http.W3CHttpResponseCodec.decode(W3CHttpResponseCodec.java:122)
at org.openqa.selenium.remote.http.W3CHttpResponseCodec.decode(W3CHttpResponseCodec.java:49)
at org.openqa.selenium.remote.HttpCommandExecutor.execute(HttpCommandExecutor.java:158)
at io.appium.java_client.remote.AppiumCommandExecutor.execute(AppiumCommandExecutor.java:250)
at org.openqa.selenium.remote.RemoteWebDriver.execute(RemoteWebDriver.java:552)
at io.appium.java_client.DefaultGenericMobileDriver.execute(DefaultGenericMobileDriver.java:41)
at io.appium.java_client.AppiumDriver.execute(AppiumDriver.java:1)
at io.appium.java_client.android.AndroidDriver.execute(AndroidDriver.java:1)
at org.openqa.selenium.remote.RemoteWebDriver.findElement(RemoteWebDriver.java:323)
at io.appium.java_client.DefaultGenericMobileDriver.findElement(DefaultGenericMobileDriver.java:61)
at io.appium.java_client.AppiumDriver.findElement(AppiumDriver.java:1)
at io.appium.java_client.android.AndroidDriver.findElement(AndroidDriver.java:1)
at org.openqa.selenium.remote.RemoteWebDriver.findElementByXPath(RemoteWebDriver.java:428)
at io.appium.java_client.DefaultGenericMobileDriver.findElementByXPath(DefaultGenericMobileDriver.java:151)
at io.appium.java_client.AppiumDriver.findElementByXPath(AppiumDriver.java:1)
at io.appium.java_client.android.AndroidDriver.findElementByXPath(AndroidDriver.java:1)
at Accessibility3.MonoAudio_AudioBalance_CaptionPreferences_HighContrastText_ShortcutFromLockScreen_Tests.MonoAudio_AudioBalance_CaptionPreferences_HighContrastText_ShortcutFromLockScreen_Test(MonoAudio_AudioBalance_CaptionPreferences_HighContrastText_ShortcutFromLockScreen_Tests.java:152)
at sun.reflect.NativeMethodAccessorImpl.invoke0(Native Method)
at sun.reflect.NativeMethodAccessorImpl.invoke(NativeMethodAccessorImpl.java:62)
at sun.reflect.DelegatingMethodAccessorImpl.invoke(DelegatingMethodAccessorImpl.java:43)
at java.lang.reflect.Method.invoke(Method.java:498)
at org.testng.internal.MethodInvocationHelper.invokeMethod(MethodInvocationHelper.java:133)
at org.testng.internal.TestInvoker.invokeMethod(TestInvoker.java:598)
at org.testng.internal.TestInvoker.invokeTestMethod(TestInvoker.java:173)
at org.testng.internal.MethodRunner.runInSequence(MethodRunner.java:46)
at org.testng.internal.TestInvoker$MethodInvocationAgent.invoke(TestInvoker.java:824)
at org.testng.internal.TestInvoker.invokeTestMethods(TestInvoker.java:146)
at org.testng.internal.TestMethodWorker.invokeTestMethods(TestMethodWorker.java:146)
at org.testng.internal.TestMethodWorker.run(TestMethodWorker.java:128)
at java.util.concurrent.ThreadPoolExecutor.runWorker(ThreadPoolExecutor.java:1149)
at java.util.concurrent.ThreadPoolExecutor$Worker.run(ThreadPoolExecutor.java:624)
at java.lang.Thread.run(Thread.java:750)
]]>
            </full-stacktrace>
          </exception> <!-- org.openqa.selenium.NoSuchElementException -->
          <reporter-output>
          </reporter-output>
        </test-method> <!-- MonoAudio_AudioBalance_CaptionPreferences_HighContrastText_ShortcutFromLockScreen_Test -->
        <test-method status="PASS" signature="Teardown()[pri:0, instance:Accessibility3.MonoAudio_AudioBalance_CaptionPreferences_HighContrastText_ShortcutFromLockScreen_Tests@710726a3]" name="Teardown" is-config="true" duration-ms="649" started-at="2023-03-15T16:06:09 IST" finished-at="2023-03-15T16:06:09 IST">
          <reporter-output>
          </reporter-output>
        </test-method> <!-- Teardown -->
      </class> <!-- Accessibility3.MonoAudio_AudioBalance_CaptionPreferences_HighContrastText_ShortcutFromLockScreen_Tests -->
    </test> <!-- Accessibility3Test -->
    <test name="DigitalWellbeingAndParantelControlsTest" duration-ms="537584" started-at="2023-03-15T16:06:09 IST" finished-at="2023-03-15T16:15:07 IST">
      <class name="DigitalWellbeingAndParantelControls.Dashboard_BedtimeMode_FocusMode_ManageNotification_DoNotDisturb_HeadsUP_ShowIconInTheAppList_Tests">
        <test-method status="PASS" signature="setup()[pri:0, instance:DigitalWellbeingAndParantelControls.Dashboard_BedtimeMode_FocusMode_ManageNotification_DoNotDisturb_HeadsUP_ShowIconInTheAppList_Tests@545997b1]" name="setup" is-config="true" duration-ms="12391" started-at="2023-03-15T16:06:09 IST" finished-at="2023-03-15T16:06:22 IST">
          <reporter-output>
          </reporter-output>
        </test-method> <!-- setup -->
        <test-method status="PASS" signature="Dashboard_BedtimeMode_FocusMode_ManageNotification_DoNotDisturb_HeadsUP_ShowIconInTheAppList_Test()[pri:1, instance:DigitalWellbeingAndParantelControls.Dashboard_BedtimeMode_FocusMode_ManageNotification_DoNotDisturb_HeadsUP_ShowIconInTheAppList_Tests@545997b1]" name="Dashboard_BedtimeMode_FocusMode_ManageNotification_DoNotDisturb_HeadsUP_ShowIconInTheAppList_Test" duration-ms="524713" started-at="2023-03-15T16:06:22 IST" finished-at="2023-03-15T16:15:06 IST">
          <reporter-output>
          </reporter-output>
        </test-method> <!-- Dashboard_BedtimeMode_FocusMode_ManageNotification_DoNotDisturb_HeadsUP_ShowIconInTheAppList_Test -->
        <test-method status="PASS" signature="Teardown()[pri:0, instance:DigitalWellbeingAndParantelControls.Dashboard_BedtimeMode_FocusMode_ManageNotification_DoNotDisturb_HeadsUP_ShowIconInTheAppList_Tests@545997b1]" name="Teardown" is-config="true" duration-ms="476" started-at="2023-03-15T16:15:06 IST" finished-at="2023-03-15T16:15:07 IST">
          <reporter-output>
          </reporter-output>
        </test-method> <!-- Teardown -->
      </class> <!-- DigitalWellbeingAndParantelControls.Dashboard_BedtimeMode_FocusMode_ManageNotification_DoNotDisturb_HeadsUP_ShowIconInTheAppList_Tests -->
    </test> <!-- DigitalWellbeingAndParantelControlsTest -->
    <test name="GoogleTest" duration-ms="208563" started-at="2023-03-15T16:15:07 IST" finished-at="2023-03-15T16:18:35 IST">
      <class name="Google.Ads_Autofill_Backup_DevicesAndSharing_FindMyDevice_MobileDataAndMessaging_ParentalControls_PersonalizeUsingSharedData_SetupAndRestore_FirebaseAppIndexing_Tests">
        <test-method status="PASS" signature="setup()[pri:0, instance:Google.Ads_Autofill_Backup_DevicesAndSharing_FindMyDevice_MobileDataAndMessaging_ParentalControls_PersonalizeUsingSharedData_SetupAndRestore_FirebaseAppIndexing_Tests@2641e737]" name="setup" is-config="true" duration-ms="10381" started-at="2023-03-15T16:15:07 IST" finished-at="2023-03-15T16:15:17 IST">
          <reporter-output>
          </reporter-output>
        </test-method> <!-- setup -->
        <test-method status="PASS" signature="Ads_Autofill_Backup_DevicesAndSharing_FindMyDevice_MobileDataAndMessaging_ParentalControls_PersonalizeUsingSharedData_SetupAndRestore_FirebaseAppIndexing_Test()[pri:1, instance:Google.Ads_Autofill_Backup_DevicesAndSharing_FindMyDevice_MobileDataAndMessaging_ParentalControls_PersonalizeUsingSharedData_SetupAndRestore_FirebaseAppIndexing_Tests@2641e737]" name="Ads_Autofill_Backup_DevicesAndSharing_FindMyDevice_MobileDataAndMessaging_ParentalControls_PersonalizeUsingSharedData_SetupAndRestore_FirebaseAppIndexing_Test" duration-ms="197738" started-at="2023-03-15T16:15:17 IST" finished-at="2023-03-15T16:18:35 IST">
          <reporter-output>
          </reporter-output>
        </test-method> <!-- Ads_Autofill_Backup_DevicesAndSharing_FindMyDevice_MobileDataAndMessaging_ParentalControls_PersonalizeUsingSharedData_SetupAndRestore_FirebaseAppIndexing_Test -->
        <test-method status="PASS" signature="Teardown()[pri:0, instance:Google.Ads_Autofill_Backup_DevicesAndSharing_FindMyDevice_MobileDataAndMessaging_ParentalControls_PersonalizeUsingSharedData_SetupAndRestore_FirebaseAppIndexing_Tests@2641e737]" name="Teardown" is-config="true" duration-ms="440" started-at="2023-03-15T16:18:35 IST" finished-at="2023-03-15T16:18:35 IST">
          <reporter-output>
          </reporter-output>
        </test-method> <!-- Teardown -->
      </class> <!-- Google.Ads_Autofill_Backup_DevicesAndSharing_FindMyDevice_MobileDataAndMessaging_ParentalControls_PersonalizeUsingSharedData_SetupAndRestore_FirebaseAppIndexing_Tests -->
    </test> <!-- GoogleTest -->
    <test name="DuraSpeedTest" duration-ms="44583" started-at="2023-03-15T16:18:35 IST" finished-at="2023-03-15T16:19:20 IST">
      <class name="DuraSpeed.DuraSpeedAndApps_ToggleButtonOnOff_Tests">
        <test-method status="PASS" signature="setup()[pri:0, instance:DuraSpeed.DuraSpeedAndApps_ToggleButtonOnOff_Tests@16f7c8c1]" name="setup" is-config="true" duration-ms="13165" started-at="2023-03-15T16:18:35 IST" finished-at="2023-03-15T16:18:49 IST">
          <reporter-output>
          </reporter-output>
        </test-method> <!-- setup -->
        <test-method status="PASS" signature="DuraSpeedAndApps_ToggleButtonOnOff_Test()[pri:1, instance:DuraSpeed.DuraSpeedAndApps_ToggleButtonOnOff_Tests@16f7c8c1]" name="DuraSpeedAndApps_ToggleButtonOnOff_Test" duration-ms="30584" started-at="2023-03-15T16:18:49 IST" finished-at="2023-03-15T16:19:19 IST">
          <reporter-output>
          </reporter-output>
        </test-method> <!-- DuraSpeedAndApps_ToggleButtonOnOff_Test -->
        <test-method status="PASS" signature="Teardown()[pri:0, instance:DuraSpeed.DuraSpeedAndApps_ToggleButtonOnOff_Tests@16f7c8c1]" name="Teardown" is-config="true" duration-ms="831" started-at="2023-03-15T16:19:19 IST" finished-at="2023-03-15T16:19:20 IST">
          <reporter-output>
          </reporter-output>
        </test-method> <!-- Teardown -->
      </class> <!-- DuraSpeed.DuraSpeedAndApps_ToggleButtonOnOff_Tests -->
    </test> <!-- DuraSpeedTest -->
    <test name="SystemTest" duration-ms="269748" started-at="2023-03-15T16:19:20 IST" finished-at="2023-03-15T16:23:50 IST">
      <class name="System.LanguageAndInput_Gestures_DateAndTime_Backup_ResetOptions_MultipleUsers_SystemUpdate_Tests">
        <test-method status="PASS" signature="setup()[pri:0, instance:System.LanguageAndInput_Gestures_DateAndTime_Backup_ResetOptions_MultipleUsers_SystemUpdate_Tests@5c18298f]" name="setup" is-config="true" duration-ms="12735" started-at="2023-03-15T16:19:20 IST" finished-at="2023-03-15T16:19:33 IST">
          <reporter-output>
          </reporter-output>
        </test-method> <!-- setup -->
        <test-method status="FAIL" signature="LanguageAndInput_Gestures_DateAndTime_Backup_ResetOptions_MultipleUsers_SystemUpdate_Test()[pri:1, instance:System.LanguageAndInput_Gestures_DateAndTime_Backup_ResetOptions_MultipleUsers_SystemUpdate_Tests@5c18298f]" name="LanguageAndInput_Gestures_DateAndTime_Backup_ResetOptions_MultipleUsers_SystemUpdate_Test" duration-ms="256551" started-at="2023-03-15T16:19:33 IST" finished-at="2023-03-15T16:23:49 IST">
          <exception class="org.openqa.selenium.NoSuchElementException">
            <message>
              <![CDATA[An element could not be located on the page using the given search parameters.
For documentation on this error, please visit: https://www.seleniumhq.org/exceptions/no_such_element.html
Build info: version: '3.141.59', revision: 'e82be7d358', time: '2018-11-14T08:17:03'
System info: host: 'invlko047-Latitude-7490', ip: '127.0.1.1', os.name: 'Linux', os.arch: 'amd64', os.version: '5.19.0-35-generic', java.version: '1.8.0_362'
Driver info: io.appium.java_client.android.AndroidDriver
Capabilities {appActivity: com.android.settings.Settings, appPackage: com.android.settings, appium-version: 1.22.3, automationName: UiAutomator2, databaseEnabled: false, desired: {appActivity: com.android.settings.Settings, appPackage: com.android.settings, appium-version: 1.22.3, automationName: UiAutomator2, deviceId: 0123456789ABCDEF, deviceName: along_8765, fullReset: false, noReset: true, platformName: android, platformVersion: 11, suppressKillServer: true, udid: 192.168.18.71:5555}, deviceApiLevel: 30, deviceId: 0123456789ABCDEF, deviceManufacturer: alps, deviceModel: along_8765, deviceName: 192.168.18.71:5555, deviceScreenDensity: 180, deviceScreenSize: 800x1280, deviceUDID: 192.168.18.71:5555, fullReset: false, javascriptEnabled: true, locationContextEnabled: false, networkConnectionEnabled: true, noReset: true, pixelRatio: 1.125, platform: LINUX, platformName: Android, platformVersion: 11, statBarHeight: 27, suppressKillServer: true, takesScreenshot: true, udid: 192.168.18.71:5555, viewportRect: {height: 1199, left: 0, top: 27, width: 800}, warnings: {}, webStorageEnabled: false}
Session ID: f1391889-f2cf-4e55-baa2-cd2b92f2782f
*** Element info: {Using=xpath, value=//android.widget.TextView[@text='Save recent screenshots in clipboard']}]]>
            </message>
            <full-stacktrace>
              <![CDATA[org.openqa.selenium.NoSuchElementException: An element could not be located on the page using the given search parameters.
For documentation on this error, please visit: https://www.seleniumhq.org/exceptions/no_such_element.html
Build info: version: '3.141.59', revision: 'e82be7d358', time: '2018-11-14T08:17:03'
System info: host: 'invlko047-Latitude-7490', ip: '127.0.1.1', os.name: 'Linux', os.arch: 'amd64', os.version: '5.19.0-35-generic', java.version: '1.8.0_362'
Driver info: io.appium.java_client.android.AndroidDriver
Capabilities {appActivity: com.android.settings.Settings, appPackage: com.android.settings, appium-version: 1.22.3, automationName: UiAutomator2, databaseEnabled: false, desired: {appActivity: com.android.settings.Settings, appPackage: com.android.settings, appium-version: 1.22.3, automationName: UiAutomator2, deviceId: 0123456789ABCDEF, deviceName: along_8765, fullReset: false, noReset: true, platformName: android, platformVersion: 11, suppressKillServer: true, udid: 192.168.18.71:5555}, deviceApiLevel: 30, deviceId: 0123456789ABCDEF, deviceManufacturer: alps, deviceModel: along_8765, deviceName: 192.168.18.71:5555, deviceScreenDensity: 180, deviceScreenSize: 800x1280, deviceUDID: 192.168.18.71:5555, fullReset: false, javascriptEnabled: true, locationContextEnabled: false, networkConnectionEnabled: true, noReset: true, pixelRatio: 1.125, platform: LINUX, platformName: Android, platformVersion: 11, statBarHeight: 27, suppressKillServer: true, takesScreenshot: true, udid: 192.168.18.71:5555, viewportRect: {height: 1199, left: 0, top: 27, width: 800}, warnings: {}, webStorageEnabled: false}
Session ID: f1391889-f2cf-4e55-baa2-cd2b92f2782f
*** Element info: {Using=xpath, value=//android.widget.TextView[@text='Save recent screenshots in clipboard']}
at sun.reflect.NativeConstructorAccessorImpl.newInstance0(Native Method)
at sun.reflect.NativeConstructorAccessorImpl.newInstance(NativeConstructorAccessorImpl.java:62)
at sun.reflect.DelegatingConstructorAccessorImpl.newInstance(DelegatingConstructorAccessorImpl.java:45)
at java.lang.reflect.Constructor.newInstance(Constructor.java:423)
at org.openqa.selenium.remote.http.W3CHttpResponseCodec.createException(W3CHttpResponseCodec.java:187)
at org.openqa.selenium.remote.http.W3CHttpResponseCodec.decode(W3CHttpResponseCodec.java:122)
at org.openqa.selenium.remote.http.W3CHttpResponseCodec.decode(W3CHttpResponseCodec.java:49)
at org.openqa.selenium.remote.HttpCommandExecutor.execute(HttpCommandExecutor.java:158)
at io.appium.java_client.remote.AppiumCommandExecutor.execute(AppiumCommandExecutor.java:250)
at org.openqa.selenium.remote.RemoteWebDriver.execute(RemoteWebDriver.java:552)
at io.appium.java_client.DefaultGenericMobileDriver.execute(DefaultGenericMobileDriver.java:41)
at io.appium.java_client.AppiumDriver.execute(AppiumDriver.java:1)
at io.appium.java_client.android.AndroidDriver.execute(AndroidDriver.java:1)
at org.openqa.selenium.remote.RemoteWebDriver.findElement(RemoteWebDriver.java:323)
at io.appium.java_client.DefaultGenericMobileDriver.findElement(DefaultGenericMobileDriver.java:61)
at io.appium.java_client.AppiumDriver.findElement(AppiumDriver.java:1)
at io.appium.java_client.android.AndroidDriver.findElement(AndroidDriver.java:1)
at org.openqa.selenium.remote.RemoteWebDriver.findElementByXPath(RemoteWebDriver.java:428)
at io.appium.java_client.DefaultGenericMobileDriver.findElementByXPath(DefaultGenericMobileDriver.java:151)
at io.appium.java_client.AppiumDriver.findElementByXPath(AppiumDriver.java:1)
at io.appium.java_client.android.AndroidDriver.findElementByXPath(AndroidDriver.java:1)
at System.LanguageAndInput_Gestures_DateAndTime_Backup_ResetOptions_MultipleUsers_SystemUpdate_Tests.LanguageAndInput_Gestures_DateAndTime_Backup_ResetOptions_MultipleUsers_SystemUpdate_Test(LanguageAndInput_Gestures_DateAndTime_Backup_ResetOptions_MultipleUsers_SystemUpdate_Tests.java:254)
at sun.reflect.NativeMethodAccessorImpl.invoke0(Native Method)
at sun.reflect.NativeMethodAccessorImpl.invoke(NativeMethodAccessorImpl.java:62)
at sun.reflect.DelegatingMethodAccessorImpl.invoke(DelegatingMethodAccessorImpl.java:43)
at java.lang.reflect.Method.invoke(Method.java:498)
at org.testng.internal.MethodInvocationHelper.invokeMethod(MethodInvocationHelper.java:133)
at org.testng.internal.TestInvoker.invokeMethod(TestInvoker.java:598)
at org.testng.internal.TestInvoker.invokeTestMethod(TestInvoker.java:173)
at org.testng.internal.MethodRunner.runInSequence(MethodRunner.java:46)
at org.testng.internal.TestInvoker$MethodInvocationAgent.invoke(TestInvoker.java:824)
at org.testng.internal.TestInvoker.invokeTestMethods(TestInvoker.java:146)
at org.testng.internal.TestMethodWorker.invokeTestMethods(TestMethodWorker.java:146)
at org.testng.internal.TestMethodWorker.run(TestMethodWorker.java:128)
at java.util.concurrent.ThreadPoolExecutor.runWorker(ThreadPoolExecutor.java:1149)
at java.util.concurrent.ThreadPoolExecutor$Worker.run(ThreadPoolExecutor.java:624)
at java.lang.Thread.run(Thread.java:750)
]]>
            </full-stacktrace>
          </exception> <!-- org.openqa.selenium.NoSuchElementException -->
          <reporter-output>
          </reporter-output>
        </test-method> <!-- LanguageAndInput_Gestures_DateAndTime_Backup_ResetOptions_MultipleUsers_SystemUpdate_Test -->
        <test-method status="PASS" signature="Teardown()[pri:0, instance:System.LanguageAndInput_Gestures_DateAndTime_Backup_ResetOptions_MultipleUsers_SystemUpdate_Tests@5c18298f]" name="Teardown" is-config="true" duration-ms="458" started-at="2023-03-15T16:23:49 IST" finished-at="2023-03-15T16:23:50 IST">
          <reporter-output>
          </reporter-output>
        </test-method> <!-- Teardown -->
      </class> <!-- System.LanguageAndInput_Gestures_DateAndTime_Backup_ResetOptions_MultipleUsers_SystemUpdate_Tests -->
    </test> <!-- SystemTest -->
    <test name="System2Test" duration-ms="167569" started-at="2023-03-15T16:23:50 IST" finished-at="2023-03-15T16:26:37 IST">
      <class name="System2.DeveloperOptionsTest">
        <test-method status="PASS" signature="setup()[pri:0, instance:System2.DeveloperOptionsTest@376b4233]" name="setup" is-config="true" duration-ms="12291" started-at="2023-03-15T16:23:50 IST" finished-at="2023-03-15T16:24:02 IST">
          <reporter-output>
          </reporter-output>
        </test-method> <!-- setup -->
        <test-method status="PASS" signature="DeveloperOptions_Test()[pri:1, instance:System2.DeveloperOptionsTest@376b4233]" name="DeveloperOptions_Test" duration-ms="154132" started-at="2023-03-15T16:24:02 IST" finished-at="2023-03-15T16:26:36 IST">
          <reporter-output>
          </reporter-output>
        </test-method> <!-- DeveloperOptions_Test -->
        <test-method status="PASS" signature="Teardown()[pri:0, instance:System2.DeveloperOptionsTest@376b4233]" name="Teardown" is-config="true" duration-ms="1143" started-at="2023-03-15T16:26:36 IST" finished-at="2023-03-15T16:26:37 IST">
          <reporter-output>
          </reporter-output>
        </test-method> <!-- Teardown -->
      </class> <!-- System2.DeveloperOptionsTest -->
    </test> <!-- System2Test -->
    <test name="AboutTabletTest" duration-ms="129689" started-at="2023-03-15T16:26:37 IST" finished-at="2023-03-15T16:28:47 IST">
      <class name="AboutTablet.DeviceName_EmergencyInformation_LegalInformation_ModelAndHardware_AndroidVersion_WiFiMacAddress_CustomBuildVersion_BuildNumber_SoftwareUpdates_Tests">
        <test-method status="PASS" signature="setup()[pri:0, instance:AboutTablet.DeviceName_EmergencyInformation_LegalInformation_ModelAndHardware_AndroidVersion_WiFiMacAddress_CustomBuildVersion_BuildNumber_SoftwareUpdates_Tests@b3d7190]" name="setup" is-config="true" duration-ms="12945" started-at="2023-03-15T16:26:37 IST" finished-at="2023-03-15T16:26:50 IST">
          <reporter-output>
          </reporter-output>
        </test-method> <!-- setup -->
        <test-method status="PASS" signature="DeviceName_EmergencyInformation_LegalInformation_ModelAndHardware_AndroidVersion_WiFiMacAddress_CustomBuildVersion_BuildNumber_SoftwareUpdates_Test()[pri:1, instance:AboutTablet.DeviceName_EmergencyInformation_LegalInformation_ModelAndHardware_AndroidVersion_WiFiMacAddress_CustomBuildVersion_BuildNumber_SoftwareUpdates_Tests@b3d7190]" name="DeviceName_EmergencyInformation_LegalInformation_ModelAndHardware_AndroidVersion_WiFiMacAddress_CustomBuildVersion_BuildNumber_SoftwareUpdates_Test" duration-ms="114644" started-at="2023-03-15T16:26:50 IST" finished-at="2023-03-15T16:28:45 IST">
          <reporter-output>
          </reporter-output>
        </test-method> <!-- DeviceName_EmergencyInformation_LegalInformation_ModelAndHardware_AndroidVersion_WiFiMacAddress_CustomBuildVersion_BuildNumber_SoftwareUpdates_Test -->
        <test-method status="PASS" signature="Teardown()[pri:0, instance:AboutTablet.DeviceName_EmergencyInformation_LegalInformation_ModelAndHardware_AndroidVersion_WiFiMacAddress_CustomBuildVersion_BuildNumber_SoftwareUpdates_Tests@b3d7190]" name="Teardown" is-config="true" duration-ms="2097" started-at="2023-03-15T16:28:45 IST" finished-at="2023-03-15T16:28:47 IST">
          <reporter-output>
          </reporter-output>
        </test-method> <!-- Teardown -->
      </class> <!-- AboutTablet.DeviceName_EmergencyInformation_LegalInformation_ModelAndHardware_AndroidVersion_WiFiMacAddress_CustomBuildVersion_BuildNumber_SoftwareUpdates_Tests -->
    </test> <!-- AboutTabletTest -->
    <test name="ClockTest" duration-ms="32977" started-at="2023-03-15T16:28:47 IST" finished-at="2023-03-15T16:29:20 IST">
      <class name="Clock.SetAlarm">
        <test-method status="PASS" signature="setup()[pri:0, instance:Clock.SetAlarm@6dde5c8c]" name="setup" is-config="true" duration-ms="14029" started-at="2023-03-15T16:28:47 IST" finished-at="2023-03-15T16:29:01 IST">
          <reporter-output>
          </reporter-output>
        </test-method> <!-- setup -->
        <test-method status="PASS" signature="ClockTest()[pri:14, instance:Clock.SetAlarm@6dde5c8c]" name="ClockTest" duration-ms="17708" started-at="2023-03-15T16:29:01 IST" finished-at="2023-03-15T16:29:19 IST">
          <reporter-output>
          </reporter-output>
        </test-method> <!-- ClockTest -->
        <test-method status="PASS" signature="Teardown()[pri:0, instance:Clock.SetAlarm@6dde5c8c]" name="Teardown" is-config="true" duration-ms="1236" started-at="2023-03-15T16:29:19 IST" finished-at="2023-03-15T16:29:20 IST">
          <reporter-output>
          </reporter-output>
        </test-method> <!-- Teardown -->
      </class> <!-- Clock.SetAlarm -->
    </test> <!-- ClockTest -->
    <test name="SoundRecorderTest" duration-ms="81000" started-at="2023-03-15T16:29:20 IST" finished-at="2023-03-15T16:30:41 IST">
      <class name="SoundRecorder.SoundRecordAndPlay">
        <test-method status="PASS" signature="setup()[pri:0, instance:SoundRecorder.SoundRecordAndPlay@68ceda24]" name="setup" is-config="true" duration-ms="11925" started-at="2023-03-15T16:29:20 IST" finished-at="2023-03-15T16:29:32 IST">
          <reporter-output>
          </reporter-output>
        </test-method> <!-- setup -->
        <test-method status="PASS" signature="SoundRecorderTest()[pri:15, instance:SoundRecorder.SoundRecordAndPlay@68ceda24]" name="SoundRecorderTest" duration-ms="67661" started-at="2023-03-15T16:29:32 IST" finished-at="2023-03-15T16:30:40 IST">
          <reporter-output>
          </reporter-output>
        </test-method> <!-- SoundRecorderTest -->
        <test-method status="PASS" signature="Teardown()[pri:0, instance:SoundRecorder.SoundRecordAndPlay@68ceda24]" name="Teardown" is-config="true" duration-ms="1410" started-at="2023-03-15T16:30:40 IST" finished-at="2023-03-15T16:30:41 IST">
          <reporter-output>
          </reporter-output>
        </test-method> <!-- Teardown -->
      </class> <!-- SoundRecorder.SoundRecordAndPlay -->
    </test> <!-- SoundRecorderTest -->
    <test name="DialerTest" duration-ms="59138" started-at="2023-03-15T16:30:41 IST" finished-at="2023-03-15T16:31:40 IST">
      <class name="Dialer.DialANumber">
        <test-method status="PASS" signature="setup()[pri:0, instance:Dialer.DialANumber@587c290d]" name="setup" is-config="true" duration-ms="13012" started-at="2023-03-15T16:30:41 IST" finished-at="2023-03-15T16:30:54 IST">
          <reporter-output>
          </reporter-output>
        </test-method> <!-- setup -->
        <test-method status="PASS" signature="DialerTest()[pri:16, instance:Dialer.DialANumber@587c290d]" name="DialerTest" duration-ms="44679" started-at="2023-03-15T16:30:54 IST" finished-at="2023-03-15T16:31:39 IST">
          <reporter-output>
          </reporter-output>
        </test-method> <!-- DialerTest -->
        <test-method status="PASS" signature="Teardown()[pri:0, instance:Dialer.DialANumber@587c290d]" name="Teardown" is-config="true" duration-ms="1444" started-at="2023-03-15T16:31:39 IST" finished-at="2023-03-15T16:31:40 IST">
          <reporter-output>
          </reporter-output>
        </test-method> <!-- Teardown -->
      </class> <!-- Dialer.DialANumber -->
    </test> <!-- DialerTest -->
    <test name="GalleryTest" duration-ms="25217" started-at="2023-03-15T16:31:40 IST" finished-at="2023-03-15T16:32:05 IST">
      <class name="Gallery.LaunchPictureFromGallery">
        <test-method status="PASS" signature="setup()[pri:0, instance:Gallery.LaunchPictureFromGallery@7e9a5fbe]" name="setup" is-config="true" duration-ms="12076" started-at="2023-03-15T16:31:40 IST" finished-at="2023-03-15T16:31:52 IST">
          <reporter-output>
          </reporter-output>
        </test-method> <!-- setup -->
        <test-method status="FAIL" signature="GalleryTest()[pri:17, instance:Gallery.LaunchPictureFromGallery@7e9a5fbe]" name="GalleryTest" duration-ms="12229" started-at="2023-03-15T16:31:52 IST" finished-at="2023-03-15T16:32:04 IST">
          <exception class="org.openqa.selenium.NoSuchElementException">
            <message>
              <![CDATA[An element could not be located on the page using the given search parameters.
For documentation on this error, please visit: https://www.seleniumhq.org/exceptions/no_such_element.html
Build info: version: '3.141.59', revision: 'e82be7d358', time: '2018-11-14T08:17:03'
System info: host: 'invlko047-Latitude-7490', ip: '127.0.1.1', os.name: 'Linux', os.arch: 'amd64', os.version: '5.19.0-35-generic', java.version: '1.8.0_362'
Driver info: io.appium.java_client.android.AndroidDriver
Capabilities {appActivity: com.google.android.apps.pho..., appPackage: com.google.android.apps.pho..., appium-version: 1.22.3, automationName: UiAutomator2, databaseEnabled: false, desired: {appActivity: com.google.android.apps.pho..., appPackage: com.google.android.apps.pho..., appium-version: 1.22.3, automationName: UiAutomator2, deviceId: 0123456789ABCDEF, deviceName: along_8765, fullReset: false, noReset: true, platformName: android, platformVersion: 11, suppressKillServer: true, udid: 192.168.18.71:5555}, deviceApiLevel: 30, deviceId: 0123456789ABCDEF, deviceManufacturer: alps, deviceModel: along_8765, deviceName: 192.168.18.71:5555, deviceScreenDensity: 180, deviceScreenSize: 800x1280, deviceUDID: 192.168.18.71:5555, fullReset: false, javascriptEnabled: true, locationContextEnabled: false, networkConnectionEnabled: true, noReset: true, pixelRatio: 1.125, platform: LINUX, platformName: Android, platformVersion: 11, statBarHeight: 27, suppressKillServer: true, takesScreenshot: true, udid: 192.168.18.71:5555, viewportRect: {height: 1199, left: 0, top: 27, width: 800}, warnings: {}, webStorageEnabled: false}
Session ID: 729dc5b5-5a94-448f-b59a-1743a45a769f
*** Element info: {Using=id, value=com.google.android.apps.photosgo:id/single_photo}]]>
            </message>
            <full-stacktrace>
              <![CDATA[org.openqa.selenium.NoSuchElementException: An element could not be located on the page using the given search parameters.
For documentation on this error, please visit: https://www.seleniumhq.org/exceptions/no_such_element.html
Build info: version: '3.141.59', revision: 'e82be7d358', time: '2018-11-14T08:17:03'
System info: host: 'invlko047-Latitude-7490', ip: '127.0.1.1', os.name: 'Linux', os.arch: 'amd64', os.version: '5.19.0-35-generic', java.version: '1.8.0_362'
Driver info: io.appium.java_client.android.AndroidDriver
Capabilities {appActivity: com.google.android.apps.pho..., appPackage: com.google.android.apps.pho..., appium-version: 1.22.3, automationName: UiAutomator2, databaseEnabled: false, desired: {appActivity: com.google.android.apps.pho..., appPackage: com.google.android.apps.pho..., appium-version: 1.22.3, automationName: UiAutomator2, deviceId: 0123456789ABCDEF, deviceName: along_8765, fullReset: false, noReset: true, platformName: android, platformVersion: 11, suppressKillServer: true, udid: 192.168.18.71:5555}, deviceApiLevel: 30, deviceId: 0123456789ABCDEF, deviceManufacturer: alps, deviceModel: along_8765, deviceName: 192.168.18.71:5555, deviceScreenDensity: 180, deviceScreenSize: 800x1280, deviceUDID: 192.168.18.71:5555, fullReset: false, javascriptEnabled: true, locationContextEnabled: false, networkConnectionEnabled: true, noReset: true, pixelRatio: 1.125, platform: LINUX, platformName: Android, platformVersion: 11, statBarHeight: 27, suppressKillServer: true, takesScreenshot: true, udid: 192.168.18.71:5555, viewportRect: {height: 1199, left: 0, top: 27, width: 800}, warnings: {}, webStorageEnabled: false}
Session ID: 729dc5b5-5a94-448f-b59a-1743a45a769f
*** Element info: {Using=id, value=com.google.android.apps.photosgo:id/single_photo}
at sun.reflect.NativeConstructorAccessorImpl.newInstance0(Native Method)
at sun.reflect.NativeConstructorAccessorImpl.newInstance(NativeConstructorAccessorImpl.java:62)
at sun.reflect.DelegatingConstructorAccessorImpl.newInstance(DelegatingConstructorAccessorImpl.java:45)
at java.lang.reflect.Constructor.newInstance(Constructor.java:423)
at org.openqa.selenium.remote.http.W3CHttpResponseCodec.createException(W3CHttpResponseCodec.java:187)
at org.openqa.selenium.remote.http.W3CHttpResponseCodec.decode(W3CHttpResponseCodec.java:122)
at org.openqa.selenium.remote.http.W3CHttpResponseCodec.decode(W3CHttpResponseCodec.java:49)
at org.openqa.selenium.remote.HttpCommandExecutor.execute(HttpCommandExecutor.java:158)
at io.appium.java_client.remote.AppiumCommandExecutor.execute(AppiumCommandExecutor.java:250)
at org.openqa.selenium.remote.RemoteWebDriver.execute(RemoteWebDriver.java:552)
at io.appium.java_client.DefaultGenericMobileDriver.execute(DefaultGenericMobileDriver.java:41)
at io.appium.java_client.AppiumDriver.execute(AppiumDriver.java:1)
at io.appium.java_client.android.AndroidDriver.execute(AndroidDriver.java:1)
at org.openqa.selenium.remote.RemoteWebDriver.findElement(RemoteWebDriver.java:323)
at io.appium.java_client.DefaultGenericMobileDriver.findElement(DefaultGenericMobileDriver.java:61)
at io.appium.java_client.AppiumDriver.findElement(AppiumDriver.java:1)
at io.appium.java_client.android.AndroidDriver.findElement(AndroidDriver.java:1)
at org.openqa.selenium.remote.RemoteWebDriver.findElementById(RemoteWebDriver.java:372)
at io.appium.java_client.DefaultGenericMobileDriver.findElementById(DefaultGenericMobileDriver.java:69)
at io.appium.java_client.AppiumDriver.findElementById(AppiumDriver.java:1)
at io.appium.java_client.android.AndroidDriver.findElementById(AndroidDriver.java:1)
at org.openqa.selenium.By$ById.findElement(By.java:188)
at org.openqa.selenium.remote.RemoteWebDriver.findElement(RemoteWebDriver.java:315)
at io.appium.java_client.DefaultGenericMobileDriver.findElement(DefaultGenericMobileDriver.java:57)
at io.appium.java_client.AppiumDriver.findElement(AppiumDriver.java:1)
at io.appium.java_client.android.AndroidDriver.findElement(AndroidDriver.java:1)
at Gallery.LaunchPictureFromGallery.GalleryTest(LaunchPictureFromGallery.java:70)
at sun.reflect.NativeMethodAccessorImpl.invoke0(Native Method)
at sun.reflect.NativeMethodAccessorImpl.invoke(NativeMethodAccessorImpl.java:62)
at sun.reflect.DelegatingMethodAccessorImpl.invoke(DelegatingMethodAccessorImpl.java:43)
at java.lang.reflect.Method.invoke(Method.java:498)
at org.testng.internal.MethodInvocationHelper.invokeMethod(MethodInvocationHelper.java:133)
at org.testng.internal.TestInvoker.invokeMethod(TestInvoker.java:598)
at org.testng.internal.TestInvoker.invokeTestMethod(TestInvoker.java:173)
at org.testng.internal.MethodRunner.runInSequence(MethodRunner.java:46)
at org.testng.internal.TestInvoker$MethodInvocationAgent.invoke(TestInvoker.java:824)
at org.testng.internal.TestInvoker.invokeTestMethods(TestInvoker.java:146)
at org.testng.internal.TestMethodWorker.invokeTestMethods(TestMethodWorker.java:146)
at org.testng.internal.TestMethodWorker.run(TestMethodWorker.java:128)
at java.util.concurrent.ThreadPoolExecutor.runWorker(ThreadPoolExecutor.java:1149)
at java.util.concurrent.ThreadPoolExecutor$Worker.run(ThreadPoolExecutor.java:624)
at java.lang.Thread.run(Thread.java:750)
]]>
            </full-stacktrace>
          </exception> <!-- org.openqa.selenium.NoSuchElementException -->
          <reporter-output>
          </reporter-output>
        </test-method> <!-- GalleryTest -->
        <test-method status="PASS" signature="Teardown()[pri:0, instance:Gallery.LaunchPictureFromGallery@7e9a5fbe]" name="Teardown" is-config="true" duration-ms="909" started-at="2023-03-15T16:32:04 IST" finished-at="2023-03-15T16:32:05 IST">
          <reporter-output>
          </reporter-output>
        </test-method> <!-- Teardown -->
      </class> <!-- Gallery.LaunchPictureFromGallery -->
    </test> <!-- GalleryTest -->
    <test name="ContactsTest" duration-ms="29237" started-at="2023-03-15T16:32:05 IST" finished-at="2023-03-15T16:32:35 IST">
      <class name="Contacts.AddContacts">
        <test-method status="PASS" signature="setup()[pri:0, instance:Contacts.AddContacts@15b3e5b]" name="setup" is-config="true" duration-ms="16168" started-at="2023-03-15T16:32:05 IST" finished-at="2023-03-15T16:32:22 IST">
          <reporter-output>
          </reporter-output>
        </test-method> <!-- setup -->
        <test-method status="FAIL" signature="ContactsTest()[pri:18, instance:Contacts.AddContacts@15b3e5b]" name="ContactsTest" duration-ms="12178" started-at="2023-03-15T16:32:22 IST" finished-at="2023-03-15T16:32:34 IST">
          <exception class="org.openqa.selenium.NoSuchElementException">
            <message>
              <![CDATA[An element could not be located on the page using the given search parameters.
For documentation on this error, please visit: https://www.seleniumhq.org/exceptions/no_such_element.html
Build info: version: '3.141.59', revision: 'e82be7d358', time: '2018-11-14T08:17:03'
System info: host: 'invlko047-Latitude-7490', ip: '127.0.1.1', os.name: 'Linux', os.arch: 'amd64', os.version: '5.19.0-35-generic', java.version: '1.8.0_362'
Driver info: io.appium.java_client.android.AndroidDriver
Capabilities {appActivity: com.google.android.dialer.e..., appPackage: com.google.android.dialer, appium-version: 1.22.3, automationName: UiAutomator2, databaseEnabled: false, desired: {appActivity: com.google.android.dialer.e..., appPackage: com.google.android.dialer, appium-version: 1.22.3, automationName: UiAutomator2, deviceId: 0123456789ABCDEF, deviceName: along_8765, fullReset: false, noReset: true, platformName: android, platformVersion: 11, suppressKillServer: true, udid: 192.168.18.71:5555}, deviceApiLevel: 30, deviceId: 0123456789ABCDEF, deviceManufacturer: alps, deviceModel: along_8765, deviceName: 192.168.18.71:5555, deviceScreenDensity: 180, deviceScreenSize: 800x1280, deviceUDID: 192.168.18.71:5555, fullReset: false, javascriptEnabled: true, locationContextEnabled: false, networkConnectionEnabled: true, noReset: true, pixelRatio: 1.125, platform: LINUX, platformName: Android, platformVersion: 11, statBarHeight: 27, suppressKillServer: true, takesScreenshot: true, udid: 192.168.18.71:5555, viewportRect: {height: 1199, left: 0, top: 27, width: 800}, warnings: {}, webStorageEnabled: false}
Session ID: f499e8d3-386f-4c85-bd38-20cff2e0ea9b
*** Element info: {Using=id, value=com.google.android.dialer:id/tab_contacts}]]>
            </message>
            <full-stacktrace>
              <![CDATA[org.openqa.selenium.NoSuchElementException: An element could not be located on the page using the given search parameters.
For documentation on this error, please visit: https://www.seleniumhq.org/exceptions/no_such_element.html
Build info: version: '3.141.59', revision: 'e82be7d358', time: '2018-11-14T08:17:03'
System info: host: 'invlko047-Latitude-7490', ip: '127.0.1.1', os.name: 'Linux', os.arch: 'amd64', os.version: '5.19.0-35-generic', java.version: '1.8.0_362'
Driver info: io.appium.java_client.android.AndroidDriver
Capabilities {appActivity: com.google.android.dialer.e..., appPackage: com.google.android.dialer, appium-version: 1.22.3, automationName: UiAutomator2, databaseEnabled: false, desired: {appActivity: com.google.android.dialer.e..., appPackage: com.google.android.dialer, appium-version: 1.22.3, automationName: UiAutomator2, deviceId: 0123456789ABCDEF, deviceName: along_8765, fullReset: false, noReset: true, platformName: android, platformVersion: 11, suppressKillServer: true, udid: 192.168.18.71:5555}, deviceApiLevel: 30, deviceId: 0123456789ABCDEF, deviceManufacturer: alps, deviceModel: along_8765, deviceName: 192.168.18.71:5555, deviceScreenDensity: 180, deviceScreenSize: 800x1280, deviceUDID: 192.168.18.71:5555, fullReset: false, javascriptEnabled: true, locationContextEnabled: false, networkConnectionEnabled: true, noReset: true, pixelRatio: 1.125, platform: LINUX, platformName: Android, platformVersion: 11, statBarHeight: 27, suppressKillServer: true, takesScreenshot: true, udid: 192.168.18.71:5555, viewportRect: {height: 1199, left: 0, top: 27, width: 800}, warnings: {}, webStorageEnabled: false}
Session ID: f499e8d3-386f-4c85-bd38-20cff2e0ea9b
*** Element info: {Using=id, value=com.google.android.dialer:id/tab_contacts}
at sun.reflect.NativeConstructorAccessorImpl.newInstance0(Native Method)
at sun.reflect.NativeConstructorAccessorImpl.newInstance(NativeConstructorAccessorImpl.java:62)
at sun.reflect.DelegatingConstructorAccessorImpl.newInstance(DelegatingConstructorAccessorImpl.java:45)
at java.lang.reflect.Constructor.newInstance(Constructor.java:423)
at org.openqa.selenium.remote.http.W3CHttpResponseCodec.createException(W3CHttpResponseCodec.java:187)
at org.openqa.selenium.remote.http.W3CHttpResponseCodec.decode(W3CHttpResponseCodec.java:122)
at org.openqa.selenium.remote.http.W3CHttpResponseCodec.decode(W3CHttpResponseCodec.java:49)
at org.openqa.selenium.remote.HttpCommandExecutor.execute(HttpCommandExecutor.java:158)
at io.appium.java_client.remote.AppiumCommandExecutor.execute(AppiumCommandExecutor.java:250)
at org.openqa.selenium.remote.RemoteWebDriver.execute(RemoteWebDriver.java:552)
at io.appium.java_client.DefaultGenericMobileDriver.execute(DefaultGenericMobileDriver.java:41)
at io.appium.java_client.AppiumDriver.execute(AppiumDriver.java:1)
at io.appium.java_client.android.AndroidDriver.execute(AndroidDriver.java:1)
at org.openqa.selenium.remote.RemoteWebDriver.findElement(RemoteWebDriver.java:323)
at io.appium.java_client.DefaultGenericMobileDriver.findElement(DefaultGenericMobileDriver.java:61)
at io.appium.java_client.AppiumDriver.findElement(AppiumDriver.java:1)
at io.appium.java_client.android.AndroidDriver.findElement(AndroidDriver.java:1)
at org.openqa.selenium.remote.RemoteWebDriver.findElementById(RemoteWebDriver.java:372)
at io.appium.java_client.DefaultGenericMobileDriver.findElementById(DefaultGenericMobileDriver.java:69)
at io.appium.java_client.AppiumDriver.findElementById(AppiumDriver.java:1)
at io.appium.java_client.android.AndroidDriver.findElementById(AndroidDriver.java:1)
at org.openqa.selenium.By$ById.findElement(By.java:188)
at org.openqa.selenium.remote.RemoteWebDriver.findElement(RemoteWebDriver.java:315)
at io.appium.java_client.DefaultGenericMobileDriver.findElement(DefaultGenericMobileDriver.java:57)
at io.appium.java_client.AppiumDriver.findElement(AppiumDriver.java:1)
at io.appium.java_client.android.AndroidDriver.findElement(AndroidDriver.java:1)
at Contacts.AddContacts.ContactsTest(AddContacts.java:66)
at sun.reflect.NativeMethodAccessorImpl.invoke0(Native Method)
at sun.reflect.NativeMethodAccessorImpl.invoke(NativeMethodAccessorImpl.java:62)
at sun.reflect.DelegatingMethodAccessorImpl.invoke(DelegatingMethodAccessorImpl.java:43)
at java.lang.reflect.Method.invoke(Method.java:498)
at org.testng.internal.MethodInvocationHelper.invokeMethod(MethodInvocationHelper.java:133)
at org.testng.internal.TestInvoker.invokeMethod(TestInvoker.java:598)
at org.testng.internal.TestInvoker.invokeTestMethod(TestInvoker.java:173)
at org.testng.internal.MethodRunner.runInSequence(MethodRunner.java:46)
at org.testng.internal.TestInvoker$MethodInvocationAgent.invoke(TestInvoker.java:824)
at org.testng.internal.TestInvoker.invokeTestMethods(TestInvoker.java:146)
at org.testng.internal.TestMethodWorker.invokeTestMethods(TestMethodWorker.java:146)
at org.testng.internal.TestMethodWorker.run(TestMethodWorker.java:128)
at java.util.concurrent.ThreadPoolExecutor.runWorker(ThreadPoolExecutor.java:1149)
at java.util.concurrent.ThreadPoolExecutor$Worker.run(ThreadPoolExecutor.java:624)
at java.lang.Thread.run(Thread.java:750)
]]>
            </full-stacktrace>
          </exception> <!-- org.openqa.selenium.NoSuchElementException -->
          <reporter-output>
          </reporter-output>
        </test-method> <!-- ContactsTest -->
        <test-method status="PASS" signature="Teardown()[pri:0, instance:Contacts.AddContacts@15b3e5b]" name="Teardown" is-config="true" duration-ms="889" started-at="2023-03-15T16:32:34 IST" finished-at="2023-03-15T16:32:35 IST">
          <reporter-output>
          </reporter-output>
        </test-method> <!-- Teardown -->
      </class> <!-- Contacts.AddContacts -->
    </test> <!-- ContactsTest -->
    <test name="CameraTest" duration-ms="25249" started-at="2023-03-15T16:32:35 IST" finished-at="2023-03-15T16:33:00 IST">
      <class name="Camera.CapturePictureVideo">
        <test-method status="PASS" signature="setup()[pri:0, instance:Camera.CapturePictureVideo@7ba18f1b]" name="setup" is-config="true" duration-ms="12124" started-at="2023-03-15T16:32:35 IST" finished-at="2023-03-15T16:32:47 IST">
          <reporter-output>
          </reporter-output>
        </test-method> <!-- setup -->
        <test-method status="FAIL" signature="CameraTest()[pri:0, instance:Camera.CapturePictureVideo@7ba18f1b]" name="CameraTest" duration-ms="12214" started-at="2023-03-15T16:32:47 IST" finished-at="2023-03-15T16:32:59 IST">
          <exception class="org.openqa.selenium.NoSuchElementException">
            <message>
              <![CDATA[An element could not be located on the page using the given search parameters.
For documentation on this error, please visit: https://www.seleniumhq.org/exceptions/no_such_element.html
Build info: version: '3.141.59', revision: 'e82be7d358', time: '2018-11-14T08:17:03'
System info: host: 'invlko047-Latitude-7490', ip: '127.0.1.1', os.name: 'Linux', os.arch: 'amd64', os.version: '5.19.0-35-generic', java.version: '1.8.0_362'
Driver info: io.appium.java_client.android.AndroidDriver
Capabilities {appActivity: com.mediatek.camera.CameraL..., appPackage: com.mediatek.camera, appium-version: 1.22.3, automationName: UiAutomator2, databaseEnabled: false, desired: {appActivity: com.mediatek.camera.CameraL..., appPackage: com.mediatek.camera, appium-version: 1.22.3, automationName: UiAutomator2, deviceId: 0123456789ABCDEF, deviceName: along_8765, fullReset: false, noReset: true, platformName: android, platformVersion: 11, suppressKillServer: true, udid: 192.168.18.71:5555}, deviceApiLevel: 30, deviceId: 0123456789ABCDEF, deviceManufacturer: alps, deviceModel: along_8765, deviceName: 192.168.18.71:5555, deviceScreenDensity: 180, deviceScreenSize: 800x1280, deviceUDID: 192.168.18.71:5555, fullReset: false, javascriptEnabled: true, locationContextEnabled: false, networkConnectionEnabled: true, noReset: true, pixelRatio: 1.125, platform: LINUX, platformName: Android, platformVersion: 11, statBarHeight: 27, suppressKillServer: true, takesScreenshot: true, udid: 192.168.18.71:5555, viewportRect: {height: 1199, left: 0, top: 27, width: 800}, warnings: {}, webStorageEnabled: false}
Session ID: 82a9c9b4-2719-4a81-a4b6-efcc63f40786
*** Element info: {Using=id, value=com.mediatek.camera:id/shutter_button}]]>
            </message>
            <full-stacktrace>
              <![CDATA[org.openqa.selenium.NoSuchElementException: An element could not be located on the page using the given search parameters.
For documentation on this error, please visit: https://www.seleniumhq.org/exceptions/no_such_element.html
Build info: version: '3.141.59', revision: 'e82be7d358', time: '2018-11-14T08:17:03'
System info: host: 'invlko047-Latitude-7490', ip: '127.0.1.1', os.name: 'Linux', os.arch: 'amd64', os.version: '5.19.0-35-generic', java.version: '1.8.0_362'
Driver info: io.appium.java_client.android.AndroidDriver
Capabilities {appActivity: com.mediatek.camera.CameraL..., appPackage: com.mediatek.camera, appium-version: 1.22.3, automationName: UiAutomator2, databaseEnabled: false, desired: {appActivity: com.mediatek.camera.CameraL..., appPackage: com.mediatek.camera, appium-version: 1.22.3, automationName: UiAutomator2, deviceId: 0123456789ABCDEF, deviceName: along_8765, fullReset: false, noReset: true, platformName: android, platformVersion: 11, suppressKillServer: true, udid: 192.168.18.71:5555}, deviceApiLevel: 30, deviceId: 0123456789ABCDEF, deviceManufacturer: alps, deviceModel: along_8765, deviceName: 192.168.18.71:5555, deviceScreenDensity: 180, deviceScreenSize: 800x1280, deviceUDID: 192.168.18.71:5555, fullReset: false, javascriptEnabled: true, locationContextEnabled: false, networkConnectionEnabled: true, noReset: true, pixelRatio: 1.125, platform: LINUX, platformName: Android, platformVersion: 11, statBarHeight: 27, suppressKillServer: true, takesScreenshot: true, udid: 192.168.18.71:5555, viewportRect: {height: 1199, left: 0, top: 27, width: 800}, warnings: {}, webStorageEnabled: false}
Session ID: 82a9c9b4-2719-4a81-a4b6-efcc63f40786
*** Element info: {Using=id, value=com.mediatek.camera:id/shutter_button}
at sun.reflect.NativeConstructorAccessorImpl.newInstance0(Native Method)
at sun.reflect.NativeConstructorAccessorImpl.newInstance(NativeConstructorAccessorImpl.java:62)
at sun.reflect.DelegatingConstructorAccessorImpl.newInstance(DelegatingConstructorAccessorImpl.java:45)
at java.lang.reflect.Constructor.newInstance(Constructor.java:423)
at org.openqa.selenium.remote.http.W3CHttpResponseCodec.createException(W3CHttpResponseCodec.java:187)
at org.openqa.selenium.remote.http.W3CHttpResponseCodec.decode(W3CHttpResponseCodec.java:122)
at org.openqa.selenium.remote.http.W3CHttpResponseCodec.decode(W3CHttpResponseCodec.java:49)
at org.openqa.selenium.remote.HttpCommandExecutor.execute(HttpCommandExecutor.java:158)
at io.appium.java_client.remote.AppiumCommandExecutor.execute(AppiumCommandExecutor.java:250)
at org.openqa.selenium.remote.RemoteWebDriver.execute(RemoteWebDriver.java:552)
at io.appium.java_client.DefaultGenericMobileDriver.execute(DefaultGenericMobileDriver.java:41)
at io.appium.java_client.AppiumDriver.execute(AppiumDriver.java:1)
at io.appium.java_client.android.AndroidDriver.execute(AndroidDriver.java:1)
at org.openqa.selenium.remote.RemoteWebDriver.findElement(RemoteWebDriver.java:323)
at io.appium.java_client.DefaultGenericMobileDriver.findElement(DefaultGenericMobileDriver.java:61)
at io.appium.java_client.AppiumDriver.findElement(AppiumDriver.java:1)
at io.appium.java_client.android.AndroidDriver.findElement(AndroidDriver.java:1)
at org.openqa.selenium.remote.RemoteWebDriver.findElementById(RemoteWebDriver.java:372)
at io.appium.java_client.DefaultGenericMobileDriver.findElementById(DefaultGenericMobileDriver.java:69)
at io.appium.java_client.AppiumDriver.findElementById(AppiumDriver.java:1)
at io.appium.java_client.android.AndroidDriver.findElementById(AndroidDriver.java:1)
at org.openqa.selenium.By$ById.findElement(By.java:188)
at org.openqa.selenium.remote.RemoteWebDriver.findElement(RemoteWebDriver.java:315)
at io.appium.java_client.DefaultGenericMobileDriver.findElement(DefaultGenericMobileDriver.java:57)
at io.appium.java_client.AppiumDriver.findElement(AppiumDriver.java:1)
at io.appium.java_client.android.AndroidDriver.findElement(AndroidDriver.java:1)
at Camera.CapturePictureVideo.CameraTest(CapturePictureVideo.java:65)
at sun.reflect.NativeMethodAccessorImpl.invoke0(Native Method)
at sun.reflect.NativeMethodAccessorImpl.invoke(NativeMethodAccessorImpl.java:62)
at sun.reflect.DelegatingMethodAccessorImpl.invoke(DelegatingMethodAccessorImpl.java:43)
at java.lang.reflect.Method.invoke(Method.java:498)
at org.testng.internal.MethodInvocationHelper.invokeMethod(MethodInvocationHelper.java:133)
at org.testng.internal.TestInvoker.invokeMethod(TestInvoker.java:598)
at org.testng.internal.TestInvoker.invokeTestMethod(TestInvoker.java:173)
at org.testng.internal.MethodRunner.runInSequence(MethodRunner.java:46)
at org.testng.internal.TestInvoker$MethodInvocationAgent.invoke(TestInvoker.java:824)
at org.testng.internal.TestInvoker.invokeTestMethods(TestInvoker.java:146)
at org.testng.internal.TestMethodWorker.invokeTestMethods(TestMethodWorker.java:146)
at org.testng.internal.TestMethodWorker.run(TestMethodWorker.java:128)
at java.util.concurrent.ThreadPoolExecutor.runWorker(ThreadPoolExecutor.java:1149)
at java.util.concurrent.ThreadPoolExecutor$Worker.run(ThreadPoolExecutor.java:624)
at java.lang.Thread.run(Thread.java:750)
]]>
            </full-stacktrace>
          </exception> <!-- org.openqa.selenium.NoSuchElementException -->
          <reporter-output>
          </reporter-output>
        </test-method> <!-- CameraTest -->
        <test-method status="PASS" signature="Teardown()[pri:0, instance:Camera.CapturePictureVideo@7ba18f1b]" name="Teardown" is-config="true" duration-ms="908" started-at="2023-03-15T16:32:59 IST" finished-at="2023-03-15T16:33:00 IST">
          <reporter-output>
          </reporter-output>
        </test-method> <!-- Teardown -->
      </class> <!-- Camera.CapturePictureVideo -->
    </test> <!-- CameraTest -->
    <test name="CalculatorTest" duration-ms="37667" started-at="2023-03-15T16:33:00 IST" finished-at="2023-03-15T16:33:38 IST">
      <class name="Calculator.CalculateNumbers">
        <test-method status="PASS" signature="setup()[pri:0, instance:Calculator.CalculateNumbers@5fcd892a]" name="setup" is-config="true" duration-ms="16118" started-at="2023-03-15T16:33:00 IST" finished-at="2023-03-15T16:33:16 IST">
          <reporter-output>
          </reporter-output>
        </test-method> <!-- setup -->
        <test-method status="PASS" signature="CalculatorTest()[pri:20, instance:Calculator.CalculateNumbers@5fcd892a]" name="CalculatorTest" duration-ms="20474" started-at="2023-03-15T16:33:16 IST" finished-at="2023-03-15T16:33:36 IST">
          <reporter-output>
          </reporter-output>
        </test-method> <!-- CalculatorTest -->
        <test-method status="PASS" signature="Teardown()[pri:0, instance:Calculator.CalculateNumbers@5fcd892a]" name="Teardown" is-config="true" duration-ms="1070" started-at="2023-03-15T16:33:36 IST" finished-at="2023-03-15T16:33:38 IST">
          <reporter-output>
          </reporter-output>
        </test-method> <!-- Teardown -->
      </class> <!-- Calculator.CalculateNumbers -->
    </test> <!-- CalculatorTest -->
  </suite> <!-- Suite -->
</testng-results>
