<?xml version="1.0" encoding="UTF-8"?>
<!-- Generated by org.testng.reporters.JUnitReportReporter -->
<testsuite hostname="invlko047-Latitude-7490" failures="0" tests="1" name="Selauto.ActivityCls1$TestClass" time="46.713" errors="1" timestamp="2024-01-12T12:58:41 IST" skipped="0">
  <testcase classname="Selauto.ActivityCls1$TestClass" name="main" time="46.713">
    <error message="An element could not be located on the page using the given search parameters.
For documentation on this error, please visit: https://www.seleniumhq.org/exceptions/no_such_element.html
Build info: version: &#039;3.141.59&#039;, revision: &#039;e82be7d358&#039;, time: &#039;2018-11-14T08:17:03&#039;
System info: host: &#039;invlko047-Latitude-7490&#039;, ip: &#039;127.0.1.1&#039;, os.name: &#039;Linux&#039;, os.arch: &#039;amd64&#039;, os.version: &#039;6.2.0-39-generic&#039;, java.version: &#039;17.0.6&#039;
Driver info: io.appium.java_client.android.AndroidDriver
Capabilities {adbExecTimeout: 5000, appWaitActivity: io.appium.settings.Settings, appWaitForLaunch: false, appWaitPackage: io.appium.settings, appium-version: 1.22.3, autoGrantPermissions: true, automationName: uiautomator2, clearSystemFiles: true, databaseEnabled: false, desired: {adbExecTimeout: 5000, appWaitActivity: io.appium.settings.Settings, appWaitForLaunch: false, appWaitPackage: io.appium.settings, appium-version: 1.22.3, autoGrantPermissions: true, automationName: uiautomator2, clearSystemFiles: true, deviceName: sb52, fullReset: false, newCommandTimeout: 2000, noReset: true, platformName: android, platformVersion: 12, skipServerInstallation: false, suppressKillServer: true, uiautomator2ServerInstallTimeout: 9000, uiautomator2ServerLaunchTimeout: 9000}, deviceApiLevel: 32, deviceManufacturer: QUALCOMM, deviceModel: Bengal for arm, deviceName: 472cec8, deviceScreenDensity: 240, deviceScreenSize: 720x1280, deviceUDID: 472cec8, fullReset: false, javascriptEnabled: true, locationContextEnabled: false, networkConnectionEnabled: true, newCommandTimeout: 2000, noReset: true, pixelRatio: 1.5, platform: LINUX, platformName: Android, platformVersion: 12, skipServerInstallation: false, statBarHeight: 36, suppressKillServer: true, takesScreenshot: true, uiautomator2ServerInstallTimeout: 9000, uiautomator2ServerLaunchTimeout: 9000, viewportRect: {height: 1172, left: 0, top: 36, width: 720}, warnings: {}, webStorageEnabled: false}
Session ID: 4ad1c156-ad40-456d-8c8d-14bad3a3e730
*** Element info: {Using=id, value=com.android.gallery3d:id/gl_root_view}" type="org.openqa.selenium.NoSuchElementException">
      <![CDATA[org.openqa.selenium.NoSuchElementException: An element could not be located on the page using the given search parameters.
For documentation on this error, please visit: https://www.seleniumhq.org/exceptions/no_such_element.html
Build info: version: '3.141.59', revision: 'e82be7d358', time: '2018-11-14T08:17:03'
System info: host: 'invlko047-Latitude-7490', ip: '127.0.1.1', os.name: 'Linux', os.arch: 'amd64', os.version: '6.2.0-39-generic', java.version: '17.0.6'
Driver info: io.appium.java_client.android.AndroidDriver
Capabilities {adbExecTimeout: 5000, appWaitActivity: io.appium.settings.Settings, appWaitForLaunch: false, appWaitPackage: io.appium.settings, appium-version: 1.22.3, autoGrantPermissions: true, automationName: uiautomator2, clearSystemFiles: true, databaseEnabled: false, desired: {adbExecTimeout: 5000, appWaitActivity: io.appium.settings.Settings, appWaitForLaunch: false, appWaitPackage: io.appium.settings, appium-version: 1.22.3, autoGrantPermissions: true, automationName: uiautomator2, clearSystemFiles: true, deviceName: sb52, fullReset: false, newCommandTimeout: 2000, noReset: true, platformName: android, platformVersion: 12, skipServerInstallation: false, suppressKillServer: true, uiautomator2ServerInstallTimeout: 9000, uiautomator2ServerLaunchTimeout: 9000}, deviceApiLevel: 32, deviceManufacturer: QUALCOMM, deviceModel: Bengal for arm, deviceName: 472cec8, deviceScreenDensity: 240, deviceScreenSize: 720x1280, deviceUDID: 472cec8, fullReset: false, javascriptEnabled: true, locationContextEnabled: false, networkConnectionEnabled: true, newCommandTimeout: 2000, noReset: true, pixelRatio: 1.5, platform: LINUX, platformName: Android, platformVersion: 12, skipServerInstallation: false, statBarHeight: 36, suppressKillServer: true, takesScreenshot: true, uiautomator2ServerInstallTimeout: 9000, uiautomator2ServerLaunchTimeout: 9000, viewportRect: {height: 1172, left: 0, top: 36, width: 720}, warnings: {}, webStorageEnabled: false}
Session ID: 4ad1c156-ad40-456d-8c8d-14bad3a3e730
*** Element info: {Using=id, value=com.android.gallery3d:id/gl_root_view}
at java.base/jdk.internal.reflect.NativeConstructorAccessorImpl.newInstance0(Native Method)
at java.base/jdk.internal.reflect.NativeConstructorAccessorImpl.newInstance(NativeConstructorAccessorImpl.java:77)
at java.base/jdk.internal.reflect.DelegatingConstructorAccessorImpl.newInstance(DelegatingConstructorAccessorImpl.java:45)
at java.base/java.lang.reflect.Constructor.newInstanceWithCaller(Constructor.java:499)
at java.base/java.lang.reflect.Constructor.newInstance(Constructor.java:480)
at org.openqa.selenium.remote.http.W3CHttpResponseCodec.createException(W3CHttpResponseCodec.java:187)
at org.openqa.selenium.remote.http.W3CHttpResponseCodec.decode(W3CHttpResponseCodec.java:122)
at org.openqa.selenium.remote.http.W3CHttpResponseCodec.decode(W3CHttpResponseCodec.java:49)
at org.openqa.selenium.remote.HttpCommandExecutor.execute(HttpCommandExecutor.java:158)
at io.appium.java_client.remote.AppiumCommandExecutor.execute(AppiumCommandExecutor.java:250)
at org.openqa.selenium.remote.RemoteWebDriver.execute(RemoteWebDriver.java:552)
at io.appium.java_client.DefaultGenericMobileDriver.execute(DefaultGenericMobileDriver.java:41)
at io.appium.java_client.AppiumDriver.execute(AppiumDriver.java:1)
at io.appium.java_client.android.AndroidDriver.execute(AndroidDriver.java:1)
at org.openqa.selenium.remote.RemoteWebDriver.findElement(RemoteWebDriver.java:323)
at io.appium.java_client.DefaultGenericMobileDriver.findElement(DefaultGenericMobileDriver.java:61)
at io.appium.java_client.AppiumDriver.findElement(AppiumDriver.java:1)
at io.appium.java_client.android.AndroidDriver.findElement(AndroidDriver.java:1)
at org.openqa.selenium.remote.RemoteWebDriver.findElementById(RemoteWebDriver.java:372)
at io.appium.java_client.DefaultGenericMobileDriver.findElementById(DefaultGenericMobileDriver.java:69)
at io.appium.java_client.AppiumDriver.findElementById(AppiumDriver.java:1)
at io.appium.java_client.android.AndroidDriver.findElementById(AndroidDriver.java:1)
at Selauto.ActivityCls1$TestClass.main(ActivityCls1.java:367)
at java.base/jdk.internal.reflect.NativeMethodAccessorImpl.invoke0(Native Method)
at java.base/jdk.internal.reflect.NativeMethodAccessorImpl.invoke(NativeMethodAccessorImpl.java:77)
at java.base/jdk.internal.reflect.DelegatingMethodAccessorImpl.invoke(DelegatingMethodAccessorImpl.java:43)
at java.base/java.lang.reflect.Method.invoke(Method.java:568)
at org.testng.internal.MethodInvocationHelper.invokeMethod(MethodInvocationHelper.java:133)
at org.testng.internal.TestInvoker.invokeMethod(TestInvoker.java:598)
at org.testng.internal.TestInvoker.invokeTestMethod(TestInvoker.java:173)
at org.testng.internal.MethodRunner.runInSequence(MethodRunner.java:46)
at org.testng.internal.TestInvoker$MethodInvocationAgent.invoke(TestInvoker.java:824)
at org.testng.internal.TestInvoker.invokeTestMethods(TestInvoker.java:146)
at org.testng.internal.TestMethodWorker.invokeTestMethods(TestMethodWorker.java:146)
at org.testng.internal.TestMethodWorker.run(TestMethodWorker.java:128)
at java.base/java.util.ArrayList.forEach(ArrayList.java:1511)
at org.testng.TestRunner.privateRun(TestRunner.java:794)
at org.testng.TestRunner.run(TestRunner.java:596)
at org.testng.SuiteRunner.runTest(SuiteRunner.java:377)
at org.testng.SuiteRunner.runSequentially(SuiteRunner.java:371)
at org.testng.SuiteRunner.privateRun(SuiteRunner.java:332)
at org.testng.SuiteRunner.run(SuiteRunner.java:276)
at org.testng.SuiteRunnerWorker.runSuite(SuiteRunnerWorker.java:53)
at org.testng.SuiteRunnerWorker.run(SuiteRunnerWorker.java:96)
at org.testng.TestNG.runSuitesSequentially(TestNG.java:1212)
at org.testng.TestNG.runSuitesLocally(TestNG.java:1134)
at org.testng.TestNG.runSuites(TestNG.java:1063)
at org.testng.TestNG.run(TestNG.java:1031)
at org.testng.remote.AbstractRemoteTestNG.run(AbstractRemoteTestNG.java:115)
at org.testng.remote.RemoteTestNG.initAndRun(RemoteTestNG.java:251)
at org.testng.remote.RemoteTestNG.main(RemoteTestNG.java:77)
]]>
    </error>
  </testcase> <!-- main -->
  <system-out/>
</testsuite> <!-- Selauto.ActivityCls1$TestClass -->
